2018-03-10 22:34:26 -Starting BootdoApplication on HUSHUANG with PID 17240 (E:\WORKSPACE\bootdo\bootdo\target\classes started by 32021 in E:\WORKSPACE\bootdo\bootdo)
2018-03-10 22:34:26 -Running with Spring Boot v1.5.6.RELEASE, Spring v4.3.10.RELEASE
2018-03-10 22:34:26 -The following profiles are active: dev
2018-03-10 22:34:38 -ApplicationContext registed-->org.springframework.boot.context.embedded.AnnotationConfigEmbeddedWebApplicationContext@2ea41516: startup date [Sat Mar 10 22:34:26 CST 2018]; root of context hierarchy
2018-03-10 22:34:46 -==>  Preparing: select `id`,`cron_expression`,`method_name`,`is_concurrent`,`description`,`update_by`,`bean_class`,`create_date`,`job_status`,`job_group`,`update_date`,`create_by`,`spring_bean`,`job_name` from sys_task order by id desc 
2018-03-10 22:34:46 -==> Parameters: 
2018-03-10 22:34:46 -<==      Total: 1
2018-03-10 22:34:46 -Started BootdoApplication in 21.307 seconds (JVM running for 22.387)
2018-03-10 22:35:06 -请求地址 : http://localhost/
2018-03-10 22:35:06 -HTTP METHOD : GET
2018-03-10 22:35:06 -CLASS_METHOD : com.bootdo.system.controller.LoginController.welcome
2018-03-10 22:35:06 -参数 : [{}]
2018-03-10 22:35:06 -耗时 : 4
2018-03-10 22:35:06 -返回值 : redirect:/blog
2018-03-10 22:35:06 -请求地址 : http://localhost/blog
2018-03-10 22:35:06 -HTTP METHOD : GET
2018-03-10 22:35:06 -CLASS_METHOD : com.bootdo.blog.controller.BlogController.blog
2018-03-10 22:35:06 -参数 : []
2018-03-10 22:35:06 -耗时 : 1
2018-03-10 22:35:06 -返回值 : blog/index/main
2018-03-10 22:35:07 -请求地址 : http://localhost/blog/open/list
2018-03-10 22:35:07 -HTTP METHOD : GET
2018-03-10 22:35:07 -CLASS_METHOD : com.bootdo.blog.controller.BlogController.opentList
2018-03-10 22:35:07 -参数 : [{type=article, limit=10, offset=0}]
2018-03-10 22:35:07 -==>  Preparing: select `cid`,`title`,`slug`,`created`,`modified`,`content`,`type`,`tags`,`categories`,`hits`,`comments_num`,`allow_comment`,`allow_ping`,`allow_feed`,`status`,`author`,`gtm_create`,`gtm_modified` from blog_content WHERE type = ? order by cid desc limit 0, 10 
2018-03-10 22:35:07 -==> Parameters: article(String)
2018-03-10 22:35:07 -<==      Total: 10
2018-03-10 22:35:07 -==>  Preparing: select count(*) from blog_content WHERE type = ? 
2018-03-10 22:35:07 -==> Parameters: article(String)
2018-03-10 22:35:07 -<==      Total: 1
2018-03-10 22:35:07 -耗时 : 72
2018-03-10 22:35:07 -返回值 : com.bootdo.common.utils.PageUtils@73d169ff
2018-03-10 22:35:07 -请求地址 : http://localhost/login;JSESSIONID=49415260-cbec-4ece-b134-e9445d645d22
2018-03-10 22:35:07 -HTTP METHOD : GET
2018-03-10 22:35:07 -CLASS_METHOD : com.bootdo.system.controller.LoginController.login
2018-03-10 22:35:07 -参数 : []
2018-03-10 22:35:07 -耗时 : 1
2018-03-10 22:35:07 -返回值 : login
2018-03-10 22:35:17 -请求地址 : http://localhost/
2018-03-10 22:35:17 -HTTP METHOD : GET
2018-03-10 22:35:17 -CLASS_METHOD : com.bootdo.system.controller.LoginController.welcome
2018-03-10 22:35:17 -参数 : [{}]
2018-03-10 22:35:17 -耗时 : 1
2018-03-10 22:35:17 -返回值 : redirect:/blog
2018-03-10 22:35:17 -请求地址 : http://localhost/blog
2018-03-10 22:35:17 -HTTP METHOD : GET
2018-03-10 22:35:17 -CLASS_METHOD : com.bootdo.blog.controller.BlogController.blog
2018-03-10 22:35:17 -参数 : []
2018-03-10 22:35:17 -耗时 : 1
2018-03-10 22:35:17 -返回值 : blog/index/main
2018-03-10 22:35:17 -请求地址 : http://localhost/blog/open/list
2018-03-10 22:35:17 -HTTP METHOD : GET
2018-03-10 22:35:17 -CLASS_METHOD : com.bootdo.blog.controller.BlogController.opentList
2018-03-10 22:35:17 -参数 : [{type=article, limit=10, offset=0}]
2018-03-10 22:35:17 -==>  Preparing: select `cid`,`title`,`slug`,`created`,`modified`,`content`,`type`,`tags`,`categories`,`hits`,`comments_num`,`allow_comment`,`allow_ping`,`allow_feed`,`status`,`author`,`gtm_create`,`gtm_modified` from blog_content WHERE type = ? order by cid desc limit 0, 10 
2018-03-10 22:35:17 -==> Parameters: article(String)
2018-03-10 22:35:17 -<==      Total: 10
2018-03-10 22:35:17 -==>  Preparing: select count(*) from blog_content WHERE type = ? 
2018-03-10 22:35:17 -==> Parameters: article(String)
2018-03-10 22:35:17 -<==      Total: 1
2018-03-10 22:35:17 -耗时 : 28
2018-03-10 22:35:17 -返回值 : com.bootdo.common.utils.PageUtils@5a62f21d
2018-03-10 22:35:18 -请求地址 : http://localhost/login
2018-03-10 22:35:18 -HTTP METHOD : GET
2018-03-10 22:35:18 -CLASS_METHOD : com.bootdo.system.controller.LoginController.login
2018-03-10 22:35:18 -参数 : []
2018-03-10 22:35:18 -耗时 : 0
2018-03-10 22:35:18 -返回值 : login
2018-03-10 22:35:18 -请求地址 : http://localhost/blog/open/page/about
2018-03-10 22:35:18 -HTTP METHOD : GET
2018-03-10 22:35:18 -CLASS_METHOD : com.bootdo.blog.controller.BlogController.about
2018-03-10 22:35:18 -参数 : [about, {}]
2018-03-10 22:35:18 -==>  Preparing: select `cid`,`title`,`slug`,`created`,`modified`,`content`,`type`,`tags`,`categories`,`hits`,`comments_num`,`allow_comment`,`allow_ping`,`allow_feed`,`status`,`author`,`gtm_create`,`gtm_modified` from blog_content WHERE categories = ? order by cid desc 
2018-03-10 22:35:18 -==> Parameters: about(String)
2018-03-10 22:35:18 -<==      Total: 1
2018-03-10 22:35:18 -==>  Preparing: select `cid`,`title`,`slug`,`created`,`modified`,`content`,`type`,`tags`,`categories`,`hits`,`comments_num`,`allow_comment`,`allow_ping`,`allow_feed`,`status`,`author`,`gtm_create`,`gtm_modified` from blog_content WHERE categories = ? order by cid desc 
2018-03-10 22:35:18 -==> Parameters: about(String)
2018-03-10 22:35:18 -<==      Total: 1
2018-03-10 22:35:18 -耗时 : 17
2018-03-10 22:35:18 -返回值 : blog/index/post
2018-03-10 22:35:19 -请求地址 : http://localhost/login
2018-03-10 22:35:19 -HTTP METHOD : GET
2018-03-10 22:35:19 -CLASS_METHOD : com.bootdo.system.controller.LoginController.login
2018-03-10 22:35:19 -参数 : []
2018-03-10 22:35:19 -耗时 : 0
2018-03-10 22:35:19 -返回值 : login
2018-03-10 22:35:31 -请求地址 : http://localhost/blog/open/page/communication
2018-03-10 22:35:31 -HTTP METHOD : GET
2018-03-10 22:35:31 -CLASS_METHOD : com.bootdo.blog.controller.BlogController.about
2018-03-10 22:35:31 -参数 : [communication, {}]
2018-03-10 22:35:31 -==>  Preparing: select `cid`,`title`,`slug`,`created`,`modified`,`content`,`type`,`tags`,`categories`,`hits`,`comments_num`,`allow_comment`,`allow_ping`,`allow_feed`,`status`,`author`,`gtm_create`,`gtm_modified` from blog_content WHERE categories = ? order by cid desc 
2018-03-10 22:35:31 -==> Parameters: communication(String)
2018-03-10 22:35:31 -<==      Total: 1
2018-03-10 22:35:31 -==>  Preparing: select `cid`,`title`,`slug`,`created`,`modified`,`content`,`type`,`tags`,`categories`,`hits`,`comments_num`,`allow_comment`,`allow_ping`,`allow_feed`,`status`,`author`,`gtm_create`,`gtm_modified` from blog_content WHERE categories = ? order by cid desc 
2018-03-10 22:35:31 -==> Parameters: communication(String)
2018-03-10 22:35:31 -<==      Total: 1
2018-03-10 22:35:31 -耗时 : 10
2018-03-10 22:35:31 -返回值 : blog/index/post
2018-03-10 22:35:31 -请求地址 : http://localhost/login
2018-03-10 22:35:31 -HTTP METHOD : GET
2018-03-10 22:35:31 -CLASS_METHOD : com.bootdo.system.controller.LoginController.login
2018-03-10 22:35:31 -参数 : []
2018-03-10 22:35:31 -耗时 : 1
2018-03-10 22:35:31 -返回值 : login
2018-03-10 22:35:38 -请求地址 : http://localhost/login
2018-03-10 22:35:38 -HTTP METHOD : GET
2018-03-10 22:35:38 -CLASS_METHOD : com.bootdo.system.controller.LoginController.login
2018-03-10 22:35:38 -参数 : []
2018-03-10 22:35:38 -耗时 : 1
2018-03-10 22:35:38 -返回值 : login
2018-03-10 22:35:38 -请求地址 : http://localhost/login
2018-03-10 22:35:38 -HTTP METHOD : GET
2018-03-10 22:35:38 -CLASS_METHOD : com.bootdo.system.controller.LoginController.login
2018-03-10 22:35:38 -参数 : []
2018-03-10 22:35:38 -耗时 : 0
2018-03-10 22:35:38 -返回值 : login
2018-03-10 22:35:39 -==>  Preparing: select `user_id`,`username`,`name`,`password`,`dept_id`,`email`,`mobile`,`status`,`user_id_create`,`gmt_create`,`gmt_modified`,`sex`,`birth`,`pic_id`,`live_address`,`hobby`,`province`,`city`,`district` from sys_user WHERE username = ? order by user_id desc 
2018-03-10 22:35:39 -==> Parameters: admin(String)
2018-03-10 22:35:39 -<==      Total: 1
2018-03-10 22:35:39 -请求地址 : http://localhost/login
2018-03-10 22:35:39 -HTTP METHOD : POST
2018-03-10 22:35:39 -CLASS_METHOD : com.bootdo.system.controller.LoginController.ajaxLogin
2018-03-10 22:35:39 -参数 : [admin, 111111]
2018-03-10 22:35:39 -==>  Preparing: select `user_id`,`username`,`name`,`password`,`dept_id`,`email`,`mobile`,`status`,`user_id_create`,`gmt_create`,`gmt_modified`,`sex`,`birth`,`pic_id`,`live_address`,`hobby`,`province`,`city`,`district` from sys_user WHERE username = ? order by user_id desc 
2018-03-10 22:35:39 -==> Parameters: admin(String)
2018-03-10 22:35:39 -<==      Total: 1
2018-03-10 22:35:39 -耗时 : 21
2018-03-10 22:35:39 -返回值 : {msg=操作成功, code=0}
2018-03-10 22:35:39 -==>  Preparing: insert into sys_log ( `user_id`, `username`, `operation`, `time`, `method`, `params`, `ip`, `gmt_create` ) values ( ?, ?, ?, ?, ?, ?, ?, ? ) 
2018-03-10 22:35:39 -请求地址 : http://localhost/index
2018-03-10 22:35:39 -HTTP METHOD : GET
2018-03-10 22:35:39 -CLASS_METHOD : com.bootdo.system.controller.LoginController.index
2018-03-10 22:35:39 -参数 : [{}]
2018-03-10 22:35:39 -==> Parameters: 1(Long), admin(String), 登录(String), 21(Integer), com.bootdo.system.controller.LoginController.ajaxLogin()(String), null, 127.0.0.1(String), 2018-03-10 22:35:39.962(Timestamp)
2018-03-10 22:35:39 -<==    Updates: 1
2018-03-10 22:35:39 -==>  Preparing: select distinct m.menu_id , parent_id, name, url, perms,`type`,icon,order_num,gmt_create, gmt_modified from sys_menu m left join sys_role_menu rm on m.menu_id = rm.menu_id left join sys_user_role ur on rm.role_id =ur.role_id where ur.user_id = ? and m.type in(0,1) order by m.order_num 
2018-03-10 22:35:40 -==> Parameters: 1(Long)
2018-03-10 22:35:40 -<==      Total: 27
2018-03-10 22:35:40 -==>  Preparing: select `id`,`type`,`url`,`create_date` from sys_file where id = ? 
2018-03-10 22:35:40 -==> Parameters: 138(Long)
2018-03-10 22:35:40 -<==      Total: 1
2018-03-10 22:35:40 -耗时 : 82
2018-03-10 22:35:40 -返回值 : index_v1
2018-03-10 22:35:40 -==>  Preparing: insert into sys_log ( `user_id`, `username`, `operation`, `time`, `method`, `params`, `ip`, `gmt_create` ) values ( ?, ?, ?, ?, ?, ?, ?, ? ) 
2018-03-10 22:35:40 -==> Parameters: 1(Long), admin(String), 请求访问主页(String), 83(Integer), com.bootdo.system.controller.LoginController.index()(String), null, 127.0.0.1(String), 2018-03-10 22:35:40.104(Timestamp)
2018-03-10 22:35:40 -<==    Updates: 1
2018-03-10 22:35:40 -请求地址 : http://localhost/main
2018-03-10 22:35:40 -HTTP METHOD : GET
2018-03-10 22:35:40 -CLASS_METHOD : com.bootdo.system.controller.LoginController.main
2018-03-10 22:35:40 -参数 : []
2018-03-10 22:35:40 -耗时 : 1
2018-03-10 22:35:40 -返回值 : main
2018-03-10 22:35:40 -请求地址 : http://localhost/oa/notify/message
2018-03-10 22:35:40 -HTTP METHOD : GET
2018-03-10 22:35:40 -CLASS_METHOD : com.bootdo.oa.controller.NotifyController.message
2018-03-10 22:35:40 -参数 : []
2018-03-10 22:35:40 -==>  Preparing: select DISTINCT n.id ,`type`,`title`,`content`,`files`,r.is_read,`status`,`create_by`,`create_date`,`update_by`,`update_date`,`remarks`,`del_flag` from oa_notify_record r right JOIN oa_notify n on r.notify_id = n.id WHERE r.is_read = ? and r.user_id = ? order by is_read ASC, update_date DESC limit ?, ? 
2018-03-10 22:35:40 -==> Parameters: 0(String), 1(Long), 0(Integer), 3(Integer)
2018-03-10 22:35:40 -<==      Total: 0
2018-03-10 22:35:40 -==>  Preparing: select count(*) from oa_notify_record r right JOIN oa_notify n on r.notify_id = n.id where r.user_id =? and r.is_read = ? 
2018-03-10 22:35:40 -==> Parameters: 1(Long), 0(String)
2018-03-10 22:35:40 -<==      Total: 1
2018-03-10 22:35:40 -耗时 : 13
2018-03-10 22:35:40 -返回值 : com.bootdo.common.utils.PageUtils@202826b1
2018-03-10 22:35:40 -请求地址 : http://localhost/main
2018-03-10 22:35:40 -HTTP METHOD : GET
2018-03-10 22:35:40 -CLASS_METHOD : com.bootdo.system.controller.LoginController.main
2018-03-10 22:35:40 -参数 : []
2018-03-10 22:35:40 -耗时 : 1
2018-03-10 22:35:40 -返回值 : main
2018-03-10 22:35:44 -请求地址 : http://localhost/main
2018-03-10 22:35:44 -HTTP METHOD : GET
2018-03-10 22:35:44 -CLASS_METHOD : com.bootdo.system.controller.LoginController.main
2018-03-10 22:35:44 -参数 : []
2018-03-10 22:35:44 -耗时 : 1
2018-03-10 22:35:44 -返回值 : main
2018-03-10 22:35:46 -==>  Preparing: select distinct m.perms from sys_menu m left join sys_role_menu rm on m.menu_id = rm.menu_id left join sys_user_role ur on rm.role_id = ur.role_id where ur.user_id = ? 
2018-03-10 22:35:46 -==> Parameters: 1(Long)
2018-03-10 22:35:46 -<==      Total: 47
2018-03-10 22:35:46 -请求地址 : http://localhost/common/dict
2018-03-10 22:35:46 -HTTP METHOD : GET
2018-03-10 22:35:46 -CLASS_METHOD : com.bootdo.common.controller.DictController.dict
2018-03-10 22:35:46 -参数 : []
2018-03-10 22:35:46 -耗时 : 0
2018-03-10 22:35:46 -返回值 : common/dict/dict
2018-03-10 22:35:47 -请求地址 : http://localhost/common/dict/type
2018-03-10 22:35:47 -HTTP METHOD : GET
2018-03-10 22:35:47 -CLASS_METHOD : com.bootdo.common.controller.DictController.listType
2018-03-10 22:35:47 -参数 : []
2018-03-10 22:35:47 -==>  Preparing: select distinct `type` , description from sys_dict 
2018-03-10 22:35:47 -==> Parameters: 
2018-03-10 22:35:47 -<==      Total: 31
2018-03-10 22:35:47 -耗时 : 20
2018-03-10 22:35:47 -返回值 : [DictDO{id=null, name='null', value='null', type='del_flag', description='删除标记', sort=null, parentId=null, createBy=null, createDate=null, updateBy=null, updateDate=null, remarks='null', delFlag='null'}, DictDO{id=null, name='null', value='null', type='show_hide', description='显示/隐藏', sort=null, parentId=null, createBy=null, createDate=null, updateBy=null, updateDate=null, remarks='null', delFlag='null'}, DictDO{id=null, name='null', value='null', type='yes_no', description='是/否', sort=null, parentId=null, createBy=null, createDate=null, updateBy=null, updateDate=null, remarks='null', delFlag='null'}, DictDO{id=null, name='null', value='null', type='color', description='颜色值', sort=null, parentId=null, createBy=null, createDate=null, updateBy=null, updateDate=null, remarks='null', delFlag='null'}, DictDO{id=null, name='null', value='null', type='theme', description='主题方案', sort=null, parentId=null, createBy=null, createDate=null, updateBy=null, updateDate=null, remarks='null', delFlag='null'}, DictDO{id=null, name='null', value='null', type='sys_area_type', description='区域类型', sort=null, parentId=null, createBy=null, createDate=null, updateBy=null, updateDate=null, remarks='null', delFlag='null'}, DictDO{id=null, name='null', value='null', type='sys_office_type', description='机构类型', sort=null, parentId=null, createBy=null, createDate=null, updateBy=null, updateDate=null, remarks='null', delFlag='null'}, DictDO{id=null, name='null', value='null', type='sys_office_common', description='快捷通用部门', sort=null, parentId=null, createBy=null, createDate=null, updateBy=null, updateDate=null, remarks='null', delFlag='null'}, DictDO{id=null, name='null', value='null', type='sys_office_grade', description='机构等级', sort=null, parentId=null, createBy=null, createDate=null, updateBy=null, updateDate=null, remarks='null', delFlag='null'}, DictDO{id=null, name='null', value='null', type='sys_data_scope', description='数据范围', sort=null, parentId=null, createBy=null, createDate=null, updateBy=null, updateDate=null, remarks='null', delFlag='null'}, DictDO{id=null, name='null', value='null', type='sys_user_type', description='用户类型', sort=null, parentId=null, createBy=null, createDate=null, updateBy=null, updateDate=null, remarks='null', delFlag='null'}, DictDO{id=null, name='null', value='null', type='cms_theme', description='站点主题', sort=null, parentId=null, createBy=null, createDate=null, updateBy=null, updateDate=null, remarks='null', delFlag='null'}, DictDO{id=null, name='null', value='null', type='cms_module', description='栏目模型', sort=null, parentId=null, createBy=null, createDate=null, updateBy=null, updateDate=null, remarks='null', delFlag='null'}, DictDO{id=null, name='null', value='null', type='cms_show_modes', description='展现方式', sort=null, parentId=null, createBy=null, createDate=null, updateBy=null, updateDate=null, remarks='null', delFlag='null'}, DictDO{id=null, name='null', value='null', type='cms_del_flag', description='内容状态', sort=null, parentId=null, createBy=null, createDate=null, updateBy=null, updateDate=null, remarks='null', delFlag='null'}, DictDO{id=null, name='null', value='null', type='cms_posid', description='推荐位', sort=null, parentId=null, createBy=null, createDate=null, updateBy=null, updateDate=null, remarks='null', delFlag='null'}, DictDO{id=null, name='null', value='null', type='cms_guestbook', description='留言板分类', sort=null, parentId=null, createBy=null, createDate=null, updateBy=null, updateDate=null, remarks='null', delFlag='null'}, DictDO{id=null, name='null', value='null', type='oa_leave_type', description='请假类型', sort=null, parentId=null, createBy=null, createDate=null, updateBy=null, updateDate=null, remarks='null', delFlag='null'}, DictDO{id=null, name='null', value='null', type='sys_log_type', description='日志类型', sort=null, parentId=null, createBy=null, createDate=null, updateBy=null, updateDate=null, remarks='null', delFlag='null'}, DictDO{id=null, name='null', value='null', type='act_type', description='流程类型', sort=null, parentId=null, createBy=null, createDate=null, updateBy=null, updateDate=null, remarks='null', delFlag='null'}, DictDO{id=null, name='null', value='null', type='act_category', description='流程分类', sort=null, parentId=null, createBy=null, createDate=null, updateBy=null, updateDate=null, remarks='null', delFlag='null'}, DictDO{id=null, name='null', value='null', type='gen_category', description='代码生成分类', sort=null, parentId=null, createBy=null, createDate=null, updateBy=null, updateDate=null, remarks='null', delFlag='null'}, DictDO{id=null, name='null', value='null', type='gen_query_type', description='查询方式', sort=null, parentId=null, createBy=null, createDate=null, updateBy=null, updateDate=null, remarks='null', delFlag='null'}, DictDO{id=null, name='null', value='null', type='gen_show_type', description='字段生成方案', sort=null, parentId=null, createBy=null, createDate=null, updateBy=null, updateDate=null, remarks='null', delFlag='null'}, DictDO{id=null, name='null', value='null', type='gen_java_type', description='Java类型', sort=null, parentId=null, createBy=null, createDate=null, updateBy=null, updateDate=null, remarks='null', delFlag='null'}, DictDO{id=null, name='null', value='null', type='sex', description='性别', sort=null, parentId=null, createBy=null, createDate=null, updateBy=null, updateDate=null, remarks='null', delFlag='null'}, DictDO{id=null, name='null', value='null', type='oa_notify_type', description='通知通告类型', sort=null, parentId=null, createBy=null, createDate=null, updateBy=null, updateDate=null, remarks='null', delFlag='null'}, DictDO{id=null, name='null', value='null', type='oa_notify_status', description='通知通告状态', sort=null, parentId=null, createBy=null, createDate=null, updateBy=null, updateDate=null, remarks='null', delFlag='null'}, DictDO{id=null, name='null', value='null', type='oa_notify_read', description='通知通告状态', sort=null, parentId=null, createBy=null, createDate=null, updateBy=null, updateDate=null, remarks='null', delFlag='null'}, DictDO{id=null, name='null', value='null', type='blog_type', description='博客类型', sort=null, parentId=null, createBy=null, createDate=null, updateBy=null, updateDate=null, remarks='null', delFlag='null'}, DictDO{id=null, name='null', value='null', type='hobby', description='爱好', sort=null, parentId=null, createBy=null, createDate=null, updateBy=null, updateDate=null, remarks='null', delFlag='null'}]
2018-03-10 22:35:47 -请求地址 : http://localhost/common/dict/list
2018-03-10 22:35:47 -HTTP METHOD : GET
2018-03-10 22:35:47 -CLASS_METHOD : com.bootdo.common.controller.DictController.list
2018-03-10 22:35:47 -参数 : [{limit=10, offset=0}]
2018-03-10 22:35:47 -==>  Preparing: select `id`,`name`,`value`,`type`,`description`,`sort`,`parent_id`,`create_by`,`create_date`,`update_by`,`update_date`,`remarks`,`del_flag` from sys_dict order by id desc limit ?, ? 
2018-03-10 22:35:47 -==> Parameters: 0(Integer), 10(Integer)
2018-03-10 22:35:47 -<==      Total: 10
2018-03-10 22:35:47 -==>  Preparing: select count(*) from sys_dict 
2018-03-10 22:35:47 -==> Parameters: 
2018-03-10 22:35:47 -<==      Total: 1
2018-03-10 22:35:47 -耗时 : 16
2018-03-10 22:35:47 -返回值 : com.bootdo.common.utils.PageUtils@7c18fcb7
2018-03-10 22:35:50 -请求地址 : http://localhost/common/dict/remove
2018-03-10 22:35:50 -HTTP METHOD : POST
2018-03-10 22:35:50 -CLASS_METHOD : com.bootdo.common.controller.DictController.remove
2018-03-10 22:35:50 -参数 : [122]
2018-03-10 22:35:50 -==>  Preparing: delete from sys_dict where id = ? 
2018-03-10 22:35:50 -==> Parameters: 122(Long)
2018-03-10 22:35:50 -<==    Updates: 1
2018-03-10 22:35:50 -耗时 : 51
2018-03-10 22:35:50 -返回值 : {msg=操作成功, code=0}
2018-03-10 22:35:50 -请求地址 : http://localhost/common/dict/list
2018-03-10 22:35:50 -HTTP METHOD : GET
2018-03-10 22:35:50 -CLASS_METHOD : com.bootdo.common.controller.DictController.list
2018-03-10 22:35:50 -参数 : [{limit=10, offset=0, type=}]
2018-03-10 22:35:50 -==>  Preparing: select `id`,`name`,`value`,`type`,`description`,`sort`,`parent_id`,`create_by`,`create_date`,`update_by`,`update_date`,`remarks`,`del_flag` from sys_dict order by id desc limit ?, ? 
2018-03-10 22:35:50 -==> Parameters: 0(Integer), 10(Integer)
2018-03-10 22:35:50 -<==      Total: 10
2018-03-10 22:35:50 -==>  Preparing: select count(*) from sys_dict 
2018-03-10 22:35:50 -==> Parameters: 
2018-03-10 22:35:50 -<==      Total: 1
2018-03-10 22:35:50 -耗时 : 9
2018-03-10 22:35:50 -返回值 : com.bootdo.common.utils.PageUtils@7086594c
2018-03-10 22:36:01 -请求地址 : http://localhost/blog
2018-03-10 22:36:01 -HTTP METHOD : GET
2018-03-10 22:36:01 -CLASS_METHOD : com.bootdo.blog.controller.BlogController.blog
2018-03-10 22:36:01 -参数 : []
2018-03-10 22:36:01 -耗时 : 0
2018-03-10 22:36:01 -返回值 : blog/index/main
2018-03-10 22:36:01 -请求地址 : http://localhost/blog/open/list
2018-03-10 22:36:01 -HTTP METHOD : GET
2018-03-10 22:36:01 -CLASS_METHOD : com.bootdo.blog.controller.BlogController.opentList
2018-03-10 22:36:01 -参数 : [{type=article, limit=10, offset=0}]
2018-03-10 22:36:01 -==>  Preparing: select `cid`,`title`,`slug`,`created`,`modified`,`content`,`type`,`tags`,`categories`,`hits`,`comments_num`,`allow_comment`,`allow_ping`,`allow_feed`,`status`,`author`,`gtm_create`,`gtm_modified` from blog_content WHERE type = ? order by cid desc limit 0, 10 
2018-03-10 22:36:01 -==> Parameters: article(String)
2018-03-10 22:36:01 -<==      Total: 10
2018-03-10 22:36:01 -==>  Preparing: select count(*) from blog_content WHERE type = ? 
2018-03-10 22:36:01 -==> Parameters: article(String)
2018-03-10 22:36:01 -<==      Total: 1
2018-03-10 22:36:01 -耗时 : 16
2018-03-10 22:36:01 -返回值 : com.bootdo.common.utils.PageUtils@fc35fc
2018-03-10 22:36:05 -请求地址 : http://localhost/sys/user/personal
2018-03-10 22:36:05 -HTTP METHOD : GET
2018-03-10 22:36:05 -CLASS_METHOD : com.bootdo.system.controller.UserController.personal
2018-03-10 22:36:05 -参数 : [{}]
2018-03-10 22:36:05 -==>  Preparing: select role_id from sys_user_role where user_id=? 
2018-03-10 22:36:05 -==> Parameters: 1(Long)
2018-03-10 22:36:05 -<==      Total: 1
2018-03-10 22:36:05 -==>  Preparing: select `user_id`,`username`,`name`,`password`,`dept_id`,`email`,`mobile`,`status`,`user_id_create`,`gmt_create`,`gmt_modified`,`sex`,`birth`,`pic_id`,`live_address`,`hobby`,`province`,`city`,`district` from sys_user where user_id = ? 
2018-03-10 22:36:05 -==> Parameters: 1(Long)
2018-03-10 22:36:05 -<==      Total: 1
2018-03-10 22:36:05 -==>  Preparing: select `dept_id`,`parent_id`,`name`,`order_num`,`del_flag` from sys_dept where dept_id = ? 
2018-03-10 22:36:05 -==> Parameters: 6(Long)
2018-03-10 22:36:05 -<==      Total: 1
2018-03-10 22:36:05 -==>  Preparing: select `id`,`name`,`value`,`type`,`description`,`sort`,`parent_id`,`create_by`,`create_date`,`update_by`,`update_date`,`remarks`,`del_flag` from sys_dict WHERE type = ? order by id desc 
2018-03-10 22:36:05 -==> Parameters: hobby(String)
2018-03-10 22:36:05 -<==      Total: 1
2018-03-10 22:36:05 -==>  Preparing: select `id`,`name`,`value`,`type`,`description`,`sort`,`parent_id`,`create_by`,`create_date`,`update_by`,`update_date`,`remarks`,`del_flag` from sys_dict WHERE type = ? order by id desc 
2018-03-10 22:36:05 -==> Parameters: sex(String)
2018-03-10 22:36:05 -<==      Total: 2
2018-03-10 22:36:05 -耗时 : 18
2018-03-10 22:36:05 -返回值 : system/user/personal
2018-03-10 22:36:28 -请求地址 : http://localhost/sys/user/personal
2018-03-10 22:36:28 -HTTP METHOD : GET
2018-03-10 22:36:28 -CLASS_METHOD : com.bootdo.system.controller.UserController.personal
2018-03-10 22:36:28 -参数 : [{}]
2018-03-10 22:36:28 -==>  Preparing: select role_id from sys_user_role where user_id=? 
2018-03-10 22:36:28 -==> Parameters: 1(Long)
2018-03-10 22:36:28 -<==      Total: 1
2018-03-10 22:36:28 -==>  Preparing: select `user_id`,`username`,`name`,`password`,`dept_id`,`email`,`mobile`,`status`,`user_id_create`,`gmt_create`,`gmt_modified`,`sex`,`birth`,`pic_id`,`live_address`,`hobby`,`province`,`city`,`district` from sys_user where user_id = ? 
2018-03-10 22:36:28 -==> Parameters: 1(Long)
2018-03-10 22:36:28 -<==      Total: 1
2018-03-10 22:36:28 -==>  Preparing: select `dept_id`,`parent_id`,`name`,`order_num`,`del_flag` from sys_dept where dept_id = ? 
2018-03-10 22:36:28 -==> Parameters: 6(Long)
2018-03-10 22:36:28 -<==      Total: 1
2018-03-10 22:36:28 -==>  Preparing: select `id`,`name`,`value`,`type`,`description`,`sort`,`parent_id`,`create_by`,`create_date`,`update_by`,`update_date`,`remarks`,`del_flag` from sys_dict WHERE type = ? order by id desc 
2018-03-10 22:36:28 -==> Parameters: hobby(String)
2018-03-10 22:36:28 -<==      Total: 1
2018-03-10 22:36:28 -==>  Preparing: select `id`,`name`,`value`,`type`,`description`,`sort`,`parent_id`,`create_by`,`create_date`,`update_by`,`update_date`,`remarks`,`del_flag` from sys_dict WHERE type = ? order by id desc 
2018-03-10 22:36:28 -==> Parameters: sex(String)
2018-03-10 22:36:28 -<==      Total: 2
2018-03-10 22:36:28 -耗时 : 13
2018-03-10 22:36:28 -返回值 : system/user/personal
2018-03-10 22:36:30 -请求地址 : http://localhost/
2018-03-10 22:36:30 -HTTP METHOD : GET
2018-03-10 22:36:30 -CLASS_METHOD : com.bootdo.system.controller.LoginController.welcome
2018-03-10 22:36:30 -参数 : [{}]
2018-03-10 22:36:30 -耗时 : 1
2018-03-10 22:36:30 -返回值 : redirect:/blog
2018-03-10 22:36:30 -请求地址 : http://localhost/blog
2018-03-10 22:36:30 -HTTP METHOD : GET
2018-03-10 22:36:30 -CLASS_METHOD : com.bootdo.blog.controller.BlogController.blog
2018-03-10 22:36:30 -参数 : []
2018-03-10 22:36:30 -耗时 : 1
2018-03-10 22:36:30 -返回值 : blog/index/main
2018-03-10 22:36:30 -请求地址 : http://localhost/blog/open/list
2018-03-10 22:36:30 -HTTP METHOD : GET
2018-03-10 22:36:30 -CLASS_METHOD : com.bootdo.blog.controller.BlogController.opentList
2018-03-10 22:36:30 -参数 : [{type=article, limit=10, offset=0}]
2018-03-10 22:36:30 -==>  Preparing: select `cid`,`title`,`slug`,`created`,`modified`,`content`,`type`,`tags`,`categories`,`hits`,`comments_num`,`allow_comment`,`allow_ping`,`allow_feed`,`status`,`author`,`gtm_create`,`gtm_modified` from blog_content WHERE type = ? order by cid desc limit 0, 10 
2018-03-10 22:36:30 -==> Parameters: article(String)
2018-03-10 22:36:30 -<==      Total: 10
2018-03-10 22:36:30 -==>  Preparing: select count(*) from blog_content WHERE type = ? 
2018-03-10 22:36:30 -==> Parameters: article(String)
2018-03-10 22:36:30 -<==      Total: 1
2018-03-10 22:36:30 -耗时 : 17
2018-03-10 22:36:30 -返回值 : com.bootdo.common.utils.PageUtils@6e1c39e9
2018-03-10 22:36:33 -请求地址 : http://localhost/blog/open/post/75
2018-03-10 22:36:33 -HTTP METHOD : GET
2018-03-10 22:36:33 -CLASS_METHOD : com.bootdo.blog.controller.BlogController.post
2018-03-10 22:36:33 -参数 : [75, {}]
2018-03-10 22:36:33 -==>  Preparing: select `cid`,`title`,`slug`,`created`,`modified`,`content`,`type`,`tags`,`categories`,`hits`,`comments_num`,`allow_comment`,`allow_ping`,`allow_feed`,`status`,`author`,`gtm_create`,`gtm_modified` from blog_content where cid = ? 
2018-03-10 22:36:33 -==> Parameters: 75(Long)
2018-03-10 22:36:33 -<==      Total: 1
2018-03-10 22:36:33 -耗时 : 4
2018-03-10 22:36:33 -返回值 : blog/index/post
2018-03-10 22:36:39 -请求地址 : http://localhost/login
2018-03-10 22:36:39 -HTTP METHOD : GET
2018-03-10 22:36:39 -CLASS_METHOD : com.bootdo.system.controller.LoginController.login
2018-03-10 22:36:39 -参数 : []
2018-03-10 22:36:39 -耗时 : 1
2018-03-10 22:36:39 -返回值 : login
2018-03-10 22:36:42 -==>  Preparing: select `user_id`,`username`,`name`,`password`,`dept_id`,`email`,`mobile`,`status`,`user_id_create`,`gmt_create`,`gmt_modified`,`sex`,`birth`,`pic_id`,`live_address`,`hobby`,`province`,`city`,`district` from sys_user WHERE username = ? order by user_id desc 
2018-03-10 22:36:42 -==> Parameters: admin(String)
2018-03-10 22:36:42 -<==      Total: 1
2018-03-10 22:36:42 -请求地址 : http://localhost/login
2018-03-10 22:36:42 -HTTP METHOD : POST
2018-03-10 22:36:42 -CLASS_METHOD : com.bootdo.system.controller.LoginController.ajaxLogin
2018-03-10 22:36:42 -参数 : [admin, 111111]
2018-03-10 22:36:42 -==>  Preparing: select `user_id`,`username`,`name`,`password`,`dept_id`,`email`,`mobile`,`status`,`user_id_create`,`gmt_create`,`gmt_modified`,`sex`,`birth`,`pic_id`,`live_address`,`hobby`,`province`,`city`,`district` from sys_user WHERE username = ? order by user_id desc 
2018-03-10 22:36:42 -==> Parameters: admin(String)
2018-03-10 22:36:42 -<==      Total: 1
2018-03-10 22:36:42 -耗时 : 5
2018-03-10 22:36:42 -返回值 : {msg=操作成功, code=0}
2018-03-10 22:36:42 -==>  Preparing: insert into sys_log ( `user_id`, `username`, `operation`, `time`, `method`, `params`, `ip`, `gmt_create` ) values ( ?, ?, ?, ?, ?, ?, ?, ? ) 
2018-03-10 22:36:42 -==> Parameters: 1(Long), admin(String), 登录(String), 5(Integer), com.bootdo.system.controller.LoginController.ajaxLogin()(String), null, 127.0.0.1(String), 2018-03-10 22:36:42.424(Timestamp)
2018-03-10 22:36:42 -<==    Updates: 1
2018-03-10 22:36:42 -请求地址 : http://localhost/index
2018-03-10 22:36:42 -HTTP METHOD : GET
2018-03-10 22:36:42 -CLASS_METHOD : com.bootdo.system.controller.LoginController.index
2018-03-10 22:36:42 -参数 : [{}]
2018-03-10 22:36:42 -==>  Preparing: select distinct m.menu_id , parent_id, name, url, perms,`type`,icon,order_num,gmt_create, gmt_modified from sys_menu m left join sys_role_menu rm on m.menu_id = rm.menu_id left join sys_user_role ur on rm.role_id =ur.role_id where ur.user_id = ? and m.type in(0,1) order by m.order_num 
2018-03-10 22:36:42 -==> Parameters: 1(Long)
2018-03-10 22:36:42 -<==      Total: 27
2018-03-10 22:36:42 -==>  Preparing: select `id`,`type`,`url`,`create_date` from sys_file where id = ? 
2018-03-10 22:36:42 -==> Parameters: 138(Long)
2018-03-10 22:36:42 -<==      Total: 1
2018-03-10 22:36:42 -耗时 : 13
2018-03-10 22:36:42 -返回值 : index_v1
2018-03-10 22:36:42 -==>  Preparing: insert into sys_log ( `user_id`, `username`, `operation`, `time`, `method`, `params`, `ip`, `gmt_create` ) values ( ?, ?, ?, ?, ?, ?, ?, ? ) 
2018-03-10 22:36:42 -==> Parameters: 1(Long), admin(String), 请求访问主页(String), 14(Integer), com.bootdo.system.controller.LoginController.index()(String), null, 127.0.0.1(String), 2018-03-10 22:36:42.454(Timestamp)
2018-03-10 22:36:42 -<==    Updates: 1
2018-03-10 22:36:42 -请求地址 : http://localhost/main
2018-03-10 22:36:42 -HTTP METHOD : GET
2018-03-10 22:36:42 -CLASS_METHOD : com.bootdo.system.controller.LoginController.main
2018-03-10 22:36:42 -参数 : []
2018-03-10 22:36:42 -耗时 : 0
2018-03-10 22:36:42 -返回值 : main
2018-03-10 22:36:42 -请求地址 : http://localhost/oa/notify/message
2018-03-10 22:36:42 -HTTP METHOD : GET
2018-03-10 22:36:42 -CLASS_METHOD : com.bootdo.oa.controller.NotifyController.message
2018-03-10 22:36:42 -参数 : []
2018-03-10 22:36:42 -==>  Preparing: select DISTINCT n.id ,`type`,`title`,`content`,`files`,r.is_read,`status`,`create_by`,`create_date`,`update_by`,`update_date`,`remarks`,`del_flag` from oa_notify_record r right JOIN oa_notify n on r.notify_id = n.id WHERE r.is_read = ? and r.user_id = ? order by is_read ASC, update_date DESC limit ?, ? 
2018-03-10 22:36:42 -==> Parameters: 0(String), 1(Long), 0(Integer), 3(Integer)
2018-03-10 22:36:42 -<==      Total: 0
2018-03-10 22:36:42 -==>  Preparing: select count(*) from oa_notify_record r right JOIN oa_notify n on r.notify_id = n.id where r.user_id =? and r.is_read = ? 
2018-03-10 22:36:42 -==> Parameters: 1(Long), 0(String)
2018-03-10 22:36:42 -<==      Total: 1
2018-03-10 22:36:42 -耗时 : 4
2018-03-10 22:36:42 -返回值 : com.bootdo.common.utils.PageUtils@5b9a97a9
2018-03-10 22:36:42 -请求地址 : http://localhost/main
2018-03-10 22:36:42 -HTTP METHOD : GET
2018-03-10 22:36:42 -CLASS_METHOD : com.bootdo.system.controller.LoginController.main
2018-03-10 22:36:42 -参数 : []
2018-03-10 22:36:42 -耗时 : 1
2018-03-10 22:36:42 -返回值 : main
2018-03-10 22:36:44 -==>  Preparing: select distinct m.perms from sys_menu m left join sys_role_menu rm on m.menu_id = rm.menu_id left join sys_user_role ur on rm.role_id = ur.role_id where ur.user_id = ? 
2018-03-10 22:36:44 -==> Parameters: 1(Long)
2018-03-10 22:36:44 -<==      Total: 47
2018-03-10 22:36:44 -请求地址 : http://localhost/common/sysFile
2018-03-10 22:36:44 -HTTP METHOD : GET
2018-03-10 22:36:44 -CLASS_METHOD : com.bootdo.common.controller.FileController.sysFile
2018-03-10 22:36:44 -参数 : [{}]
2018-03-10 22:36:44 -耗时 : 1
2018-03-10 22:36:44 -返回值 : common/file/file
2018-03-10 22:36:44 -请求地址 : http://localhost/common/sysFile/list
2018-03-10 22:36:44 -HTTP METHOD : GET
2018-03-10 22:36:44 -CLASS_METHOD : com.bootdo.common.controller.FileController.list
2018-03-10 22:36:44 -参数 : [{limit=12, offset=0, type=}]
2018-03-10 22:36:44 -==>  Preparing: select `id`,`type`,`url`,`create_date` from sys_file order by id desc limit ?, ? 
2018-03-10 22:36:44 -==> Parameters: 0(Integer), 12(Integer)
2018-03-10 22:36:44 -<==      Total: 8
2018-03-10 22:36:44 -==>  Preparing: select count(*) from sys_file 
2018-03-10 22:36:44 -==> Parameters: 
2018-03-10 22:36:44 -<==      Total: 1
2018-03-10 22:36:44 -耗时 : 16
2018-03-10 22:36:44 -返回值 : com.bootdo.common.utils.PageUtils@52e3ab8e
2018-03-10 22:36:45 -请求地址 : http://localhost/common/dict
2018-03-10 22:36:45 -HTTP METHOD : GET
2018-03-10 22:36:45 -CLASS_METHOD : com.bootdo.common.controller.DictController.dict
2018-03-10 22:36:45 -参数 : []
2018-03-10 22:36:45 -耗时 : 2
2018-03-10 22:36:45 -返回值 : common/dict/dict
2018-03-10 22:36:45 -请求地址 : http://localhost/common/dict/type
2018-03-10 22:36:45 -HTTP METHOD : GET
2018-03-10 22:36:45 -CLASS_METHOD : com.bootdo.common.controller.DictController.listType
2018-03-10 22:36:45 -参数 : []
2018-03-10 22:36:45 -==>  Preparing: select distinct `type` , description from sys_dict 
2018-03-10 22:36:45 -==> Parameters: 
2018-03-10 22:36:45 -<==      Total: 31
2018-03-10 22:36:45 -耗时 : 17
2018-03-10 22:36:45 -返回值 : [DictDO{id=null, name='null', value='null', type='del_flag', description='删除标记', sort=null, parentId=null, createBy=null, createDate=null, updateBy=null, updateDate=null, remarks='null', delFlag='null'}, DictDO{id=null, name='null', value='null', type='show_hide', description='显示/隐藏', sort=null, parentId=null, createBy=null, createDate=null, updateBy=null, updateDate=null, remarks='null', delFlag='null'}, DictDO{id=null, name='null', value='null', type='yes_no', description='是/否', sort=null, parentId=null, createBy=null, createDate=null, updateBy=null, updateDate=null, remarks='null', delFlag='null'}, DictDO{id=null, name='null', value='null', type='color', description='颜色值', sort=null, parentId=null, createBy=null, createDate=null, updateBy=null, updateDate=null, remarks='null', delFlag='null'}, DictDO{id=null, name='null', value='null', type='theme', description='主题方案', sort=null, parentId=null, createBy=null, createDate=null, updateBy=null, updateDate=null, remarks='null', delFlag='null'}, DictDO{id=null, name='null', value='null', type='sys_area_type', description='区域类型', sort=null, parentId=null, createBy=null, createDate=null, updateBy=null, updateDate=null, remarks='null', delFlag='null'}, DictDO{id=null, name='null', value='null', type='sys_office_type', description='机构类型', sort=null, parentId=null, createBy=null, createDate=null, updateBy=null, updateDate=null, remarks='null', delFlag='null'}, DictDO{id=null, name='null', value='null', type='sys_office_common', description='快捷通用部门', sort=null, parentId=null, createBy=null, createDate=null, updateBy=null, updateDate=null, remarks='null', delFlag='null'}, DictDO{id=null, name='null', value='null', type='sys_office_grade', description='机构等级', sort=null, parentId=null, createBy=null, createDate=null, updateBy=null, updateDate=null, remarks='null', delFlag='null'}, DictDO{id=null, name='null', value='null', type='sys_data_scope', description='数据范围', sort=null, parentId=null, createBy=null, createDate=null, updateBy=null, updateDate=null, remarks='null', delFlag='null'}, DictDO{id=null, name='null', value='null', type='sys_user_type', description='用户类型', sort=null, parentId=null, createBy=null, createDate=null, updateBy=null, updateDate=null, remarks='null', delFlag='null'}, DictDO{id=null, name='null', value='null', type='cms_theme', description='站点主题', sort=null, parentId=null, createBy=null, createDate=null, updateBy=null, updateDate=null, remarks='null', delFlag='null'}, DictDO{id=null, name='null', value='null', type='cms_module', description='栏目模型', sort=null, parentId=null, createBy=null, createDate=null, updateBy=null, updateDate=null, remarks='null', delFlag='null'}, DictDO{id=null, name='null', value='null', type='cms_show_modes', description='展现方式', sort=null, parentId=null, createBy=null, createDate=null, updateBy=null, updateDate=null, remarks='null', delFlag='null'}, DictDO{id=null, name='null', value='null', type='cms_del_flag', description='内容状态', sort=null, parentId=null, createBy=null, createDate=null, updateBy=null, updateDate=null, remarks='null', delFlag='null'}, DictDO{id=null, name='null', value='null', type='cms_posid', description='推荐位', sort=null, parentId=null, createBy=null, createDate=null, updateBy=null, updateDate=null, remarks='null', delFlag='null'}, DictDO{id=null, name='null', value='null', type='cms_guestbook', description='留言板分类', sort=null, parentId=null, createBy=null, createDate=null, updateBy=null, updateDate=null, remarks='null', delFlag='null'}, DictDO{id=null, name='null', value='null', type='oa_leave_type', description='请假类型', sort=null, parentId=null, createBy=null, createDate=null, updateBy=null, updateDate=null, remarks='null', delFlag='null'}, DictDO{id=null, name='null', value='null', type='sys_log_type', description='日志类型', sort=null, parentId=null, createBy=null, createDate=null, updateBy=null, updateDate=null, remarks='null', delFlag='null'}, DictDO{id=null, name='null', value='null', type='act_type', description='流程类型', sort=null, parentId=null, createBy=null, createDate=null, updateBy=null, updateDate=null, remarks='null', delFlag='null'}, DictDO{id=null, name='null', value='null', type='act_category', description='流程分类', sort=null, parentId=null, createBy=null, createDate=null, updateBy=null, updateDate=null, remarks='null', delFlag='null'}, DictDO{id=null, name='null', value='null', type='gen_category', description='代码生成分类', sort=null, parentId=null, createBy=null, createDate=null, updateBy=null, updateDate=null, remarks='null', delFlag='null'}, DictDO{id=null, name='null', value='null', type='gen_query_type', description='查询方式', sort=null, parentId=null, createBy=null, createDate=null, updateBy=null, updateDate=null, remarks='null', delFlag='null'}, DictDO{id=null, name='null', value='null', type='gen_show_type', description='字段生成方案', sort=null, parentId=null, createBy=null, createDate=null, updateBy=null, updateDate=null, remarks='null', delFlag='null'}, DictDO{id=null, name='null', value='null', type='gen_java_type', description='Java类型', sort=null, parentId=null, createBy=null, createDate=null, updateBy=null, updateDate=null, remarks='null', delFlag='null'}, DictDO{id=null, name='null', value='null', type='sex', description='性别', sort=null, parentId=null, createBy=null, createDate=null, updateBy=null, updateDate=null, remarks='null', delFlag='null'}, DictDO{id=null, name='null', value='null', type='oa_notify_type', description='通知通告类型', sort=null, parentId=null, createBy=null, createDate=null, updateBy=null, updateDate=null, remarks='null', delFlag='null'}, DictDO{id=null, name='null', value='null', type='oa_notify_status', description='通知通告状态', sort=null, parentId=null, createBy=null, createDate=null, updateBy=null, updateDate=null, remarks='null', delFlag='null'}, DictDO{id=null, name='null', value='null', type='oa_notify_read', description='通知通告状态', sort=null, parentId=null, createBy=null, createDate=null, updateBy=null, updateDate=null, remarks='null', delFlag='null'}, DictDO{id=null, name='null', value='null', type='blog_type', description='博客类型', sort=null, parentId=null, createBy=null, createDate=null, updateBy=null, updateDate=null, remarks='null', delFlag='null'}, DictDO{id=null, name='null', value='null', type='hobby', description='爱好', sort=null, parentId=null, createBy=null, createDate=null, updateBy=null, updateDate=null, remarks='null', delFlag='null'}]
2018-03-10 22:36:45 -请求地址 : http://localhost/common/dict/list
2018-03-10 22:36:45 -HTTP METHOD : GET
2018-03-10 22:36:45 -CLASS_METHOD : com.bootdo.common.controller.DictController.list
2018-03-10 22:36:45 -参数 : [{limit=10, offset=0}]
2018-03-10 22:36:45 -==>  Preparing: select `id`,`name`,`value`,`type`,`description`,`sort`,`parent_id`,`create_by`,`create_date`,`update_by`,`update_date`,`remarks`,`del_flag` from sys_dict order by id desc limit ?, ? 
2018-03-10 22:36:45 -==> Parameters: 0(Integer), 10(Integer)
2018-03-10 22:36:45 -<==      Total: 10
2018-03-10 22:36:45 -==>  Preparing: select count(*) from sys_dict 
2018-03-10 22:36:45 -==> Parameters: 
2018-03-10 22:36:45 -<==      Total: 1
2018-03-10 22:36:45 -耗时 : 8
2018-03-10 22:36:45 -返回值 : com.bootdo.common.utils.PageUtils@118ec08a
2018-03-10 22:36:48 -请求地址 : http://localhost/sys/user/
2018-03-10 22:36:48 -HTTP METHOD : GET
2018-03-10 22:36:48 -CLASS_METHOD : com.bootdo.system.controller.UserController.user
2018-03-10 22:36:48 -参数 : [{}]
2018-03-10 22:36:48 -耗时 : 1
2018-03-10 22:36:48 -返回值 : system/user/user
2018-03-10 22:36:48 -请求地址 : http://localhost/system/sysDept/tree
2018-03-10 22:36:48 -HTTP METHOD : GET
2018-03-10 22:36:48 -CLASS_METHOD : com.bootdo.system.controller.DeptController.tree
2018-03-10 22:36:48 -参数 : []
2018-03-10 22:36:48 -==>  Preparing: select `dept_id`,`parent_id`,`name`,`order_num`,`del_flag` from sys_dept order by dept_id desc 
2018-03-10 22:36:48 -==> Parameters: 
2018-03-10 22:36:48 -<==      Total: 10
2018-03-10 22:36:48 -耗时 : 17
2018-03-10 22:36:48 -返回值 : {"checked":true,"children":[{"checked":false,"children":[{"checked":false,"children":[],"hasChildren":false,"hasParent":true,"id":"15","parentId":"13","state":{"opened":true},"text":"测试二部"},{"checked":false,"children":[],"hasChildren":false,"hasParent":true,"id":"14","parentId":"13","state":{"opened":true},"text":"测试一部"}],"hasChildren":true,"hasParent":false,"id":"13","parentId":"0","state":{"opened":true},"text":"测试部"},{"checked":false,"children":[{"checked":false,"children":[],"hasChildren":false,"hasParent":true,"id":"12","parentId":"11","state":{"opened":true},"text":"产品一部"}],"hasChildren":true,"hasParent":false,"id":"11","parentId":"0","state":{"opened":true},"text":"产品部"},{"checked":false,"children":[{"checked":false,"children":[],"hasChildren":false,"hasParent":true,"id":"10","parentId":"9","state":{"opened":true},"text":"销售一部"}],"hasChildren":true,"hasParent":false,"id":"9","parentId":"0","state":{"opened":true},"text":"销售部"},{"checked":false,"children":[{"checked":false,"children":[],"hasChildren":false,"hasParent":true,"id":"8","parentId":"6","state":{"opened":true},"text":"研发二部"},{"checked":false,"children":[],"hasChildren":false,"hasParent":true,"id":"7","parentId":"6","state":{"opened":true},"text":"研發一部"}],"hasChildren":true,"hasParent":false,"id":"6","parentId":"0","state":{"opened":true},"text":"研发部"}],"hasChildren":true,"hasParent":false,"id":"-1","parentId":"","state":{"opened":true},"text":"顶级节点"}
2018-03-10 22:36:48 -请求地址 : http://localhost/sys/user/list
2018-03-10 22:36:48 -HTTP METHOD : GET
2018-03-10 22:36:48 -CLASS_METHOD : com.bootdo.system.controller.UserController.list
2018-03-10 22:36:48 -参数 : [{limit=10, offset=0, name=, deptId=}]
2018-03-10 22:36:48 -==>  Preparing: select `user_id`,`username`,`name`,`password`,`dept_id`,`email`,`mobile`,`status`,`user_id_create`,`gmt_create`,`gmt_modified`,`sex`,`birth`,`pic_id`,`live_address`,`hobby`,`province`,`city`,`district` from sys_user order by user_id desc limit ?, ? 
2018-03-10 22:36:48 -==> Parameters: 0(Integer), 10(Integer)
2018-03-10 22:36:48 -<==      Total: 10
2018-03-10 22:36:48 -==>  Preparing: select count(*) from sys_user 
2018-03-10 22:36:48 -==> Parameters: 
2018-03-10 22:36:48 -<==      Total: 1
2018-03-10 22:36:48 -耗时 : 15
2018-03-10 22:36:48 -返回值 : com.bootdo.common.utils.PageUtils@474f0447
2018-03-10 22:36:49 -请求地址 : http://localhost/sys/role
2018-03-10 22:36:49 -HTTP METHOD : GET
2018-03-10 22:36:49 -CLASS_METHOD : com.bootdo.system.controller.RoleController.role
2018-03-10 22:36:49 -参数 : []
2018-03-10 22:36:49 -耗时 : 0
2018-03-10 22:36:49 -返回值 : system/role/role
2018-03-10 22:36:49 -请求地址 : http://localhost/sys/role/list
2018-03-10 22:36:49 -HTTP METHOD : GET
2018-03-10 22:36:49 -CLASS_METHOD : com.bootdo.system.controller.RoleController.list
2018-03-10 22:36:49 -参数 : []
2018-03-10 22:36:49 -==>  Preparing: select `role_id`,`role_name`,`role_sign`,`remark`,`user_id_create`,`gmt_create`,`gmt_modified` from sys_role order by role_id desc 
2018-03-10 22:36:49 -==> Parameters: 
2018-03-10 22:36:49 -<==      Total: 1
2018-03-10 22:36:49 -耗时 : 8
2018-03-10 22:36:49 -返回值 : [RoleDO{roleId=1, roleName='超级用户角色', roleSign='admin', remark='拥有最高权限', userIdCreate=2, gmtCreate=2017-08-12 00:43:52.0, gmtModified=2017-08-12 19:14:59.0, menuIds=null}]
2018-03-10 22:36:58 -请求地址 : http://localhost/sys/user/edit/137
2018-03-10 22:36:58 -HTTP METHOD : GET
2018-03-10 22:36:58 -CLASS_METHOD : com.bootdo.system.controller.UserController.edit
2018-03-10 22:36:58 -参数 : [{}, 137]
2018-03-10 22:36:58 -==>  Preparing: select role_id from sys_user_role where user_id=? 
2018-03-10 22:36:58 -==> Parameters: 137(Long)
2018-03-10 22:36:58 -<==      Total: 1
2018-03-10 22:36:58 -==>  Preparing: select `user_id`,`username`,`name`,`password`,`dept_id`,`email`,`mobile`,`status`,`user_id_create`,`gmt_create`,`gmt_modified`,`sex`,`birth`,`pic_id`,`live_address`,`hobby`,`province`,`city`,`district` from sys_user where user_id = ? 
2018-03-10 22:36:58 -==> Parameters: 137(Long)
2018-03-10 22:36:58 -<==      Total: 1
2018-03-10 22:36:58 -==>  Preparing: select `dept_id`,`parent_id`,`name`,`order_num`,`del_flag` from sys_dept where dept_id = ? 
2018-03-10 22:36:58 -==> Parameters: 12(Long)
2018-03-10 22:36:58 -<==      Total: 1
2018-03-10 22:36:58 -==>  Preparing: select role_id from sys_user_role where user_id=? 
2018-03-10 22:36:58 -==> Parameters: 137(Long)
2018-03-10 22:36:58 -<==      Total: 1
2018-03-10 22:36:58 -==>  Preparing: select `role_id`,`role_name`,`role_sign`,`remark`,`user_id_create`,`gmt_create`,`gmt_modified` from sys_role order by role_id desc 
2018-03-10 22:36:58 -==> Parameters: 
2018-03-10 22:36:58 -<==      Total: 1
2018-03-10 22:36:58 -耗时 : 13
2018-03-10 22:36:58 -返回值 : system/user/edit
2018-03-10 22:36:58 -==>  Preparing: insert into sys_log ( `user_id`, `username`, `operation`, `time`, `method`, `params`, `ip`, `gmt_create` ) values ( ?, ?, ?, ?, ?, ?, ?, ? ) 
2018-03-10 22:36:58 -==> Parameters: 1(Long), admin(String), 编辑用户(String), 13(Integer), com.bootdo.system.controller.UserController.edit()(String), null, 127.0.0.1(String), 2018-03-10 22:36:58.274(Timestamp)
2018-03-10 22:36:58 -<==    Updates: 1
2018-03-10 22:37:00 -请求地址 : http://localhost/sys/user/update
2018-03-10 22:37:00 -HTTP METHOD : POST
2018-03-10 22:37:00 -CLASS_METHOD : com.bootdo.system.controller.UserController.update
2018-03-10 22:37:00 -参数 : [UserDO{userId=137, username='test2', name='测试用户2', password='null', deptId=12, deptName='产品一部', email='test2@bootdo.com', mobile='null', status=0, userIdCreate=null, gmtCreate=null, gmtModified=null, roleIds=[], sex=null, birth=null, picId=null, liveAddress='null', hobby='null', province='null', city='null', district='null'}]
2018-03-10 22:37:00 -==>  Preparing: update sys_user SET `username` = ?, `name` = ?, `dept_id` = ?, `email` = ?, `status` = ? where user_id = ? 
2018-03-10 22:37:00 -==> Parameters: test2(String), 测试用户2(String), 12(Long), test2@bootdo.com(String), 0(Integer), 137(Long)
2018-03-10 22:37:00 -<==    Updates: 1
2018-03-10 22:37:00 -==>  Preparing: delete from sys_user_role where user_id=? 
2018-03-10 22:37:00 -==> Parameters: 137(Long)
2018-03-10 22:37:00 -<==    Updates: 1
2018-03-10 22:37:00 -耗时 : 12
2018-03-10 22:37:00 -返回值 : {msg=操作成功, code=0}
2018-03-10 22:37:00 -==>  Preparing: insert into sys_log ( `user_id`, `username`, `operation`, `time`, `method`, `params`, `ip`, `gmt_create` ) values ( ?, ?, ?, ?, ?, ?, ?, ? ) 
2018-03-10 22:37:00 -==> Parameters: 1(Long), admin(String), 更新用户(String), 12(Integer), com.bootdo.system.controller.UserController.update()(String), null, 127.0.0.1(String), 2018-03-10 22:37:00.924(Timestamp)
2018-03-10 22:37:00 -<==    Updates: 1
2018-03-10 22:37:00 -请求地址 : http://localhost/sys/user/list
2018-03-10 22:37:00 -HTTP METHOD : GET
2018-03-10 22:37:00 -CLASS_METHOD : com.bootdo.system.controller.UserController.list
2018-03-10 22:37:00 -参数 : [{limit=10, offset=0, name=, deptId=}]
2018-03-10 22:37:00 -==>  Preparing: select `user_id`,`username`,`name`,`password`,`dept_id`,`email`,`mobile`,`status`,`user_id_create`,`gmt_create`,`gmt_modified`,`sex`,`birth`,`pic_id`,`live_address`,`hobby`,`province`,`city`,`district` from sys_user order by user_id desc limit ?, ? 
2018-03-10 22:37:00 -==> Parameters: 0(Integer), 10(Integer)
2018-03-10 22:37:00 -<==      Total: 10
2018-03-10 22:37:00 -==>  Preparing: select count(*) from sys_user 
2018-03-10 22:37:00 -==> Parameters: 
2018-03-10 22:37:00 -<==      Total: 1
2018-03-10 22:37:00 -耗时 : 7
2018-03-10 22:37:00 -返回值 : com.bootdo.common.utils.PageUtils@7502a7ae
2018-03-10 22:37:03 -请求地址 : http://localhost/sys/user/edit/137
2018-03-10 22:37:03 -HTTP METHOD : GET
2018-03-10 22:37:03 -CLASS_METHOD : com.bootdo.system.controller.UserController.edit
2018-03-10 22:37:03 -参数 : [{}, 137]
2018-03-10 22:37:03 -==>  Preparing: select role_id from sys_user_role where user_id=? 
2018-03-10 22:37:03 -==> Parameters: 137(Long)
2018-03-10 22:37:03 -<==      Total: 0
2018-03-10 22:37:03 -==>  Preparing: select `user_id`,`username`,`name`,`password`,`dept_id`,`email`,`mobile`,`status`,`user_id_create`,`gmt_create`,`gmt_modified`,`sex`,`birth`,`pic_id`,`live_address`,`hobby`,`province`,`city`,`district` from sys_user where user_id = ? 
2018-03-10 22:37:03 -==> Parameters: 137(Long)
2018-03-10 22:37:03 -<==      Total: 1
2018-03-10 22:37:03 -==>  Preparing: select `dept_id`,`parent_id`,`name`,`order_num`,`del_flag` from sys_dept where dept_id = ? 
2018-03-10 22:37:03 -==> Parameters: 12(Long)
2018-03-10 22:37:03 -<==      Total: 1
2018-03-10 22:37:03 -==>  Preparing: select role_id from sys_user_role where user_id=? 
2018-03-10 22:37:03 -==> Parameters: 137(Long)
2018-03-10 22:37:03 -<==      Total: 0
2018-03-10 22:37:03 -==>  Preparing: select `role_id`,`role_name`,`role_sign`,`remark`,`user_id_create`,`gmt_create`,`gmt_modified` from sys_role order by role_id desc 
2018-03-10 22:37:03 -==> Parameters: 
2018-03-10 22:37:03 -<==      Total: 1
2018-03-10 22:37:03 -耗时 : 11
2018-03-10 22:37:03 -返回值 : system/user/edit
2018-03-10 22:37:03 -==>  Preparing: insert into sys_log ( `user_id`, `username`, `operation`, `time`, `method`, `params`, `ip`, `gmt_create` ) values ( ?, ?, ?, ?, ?, ?, ?, ? ) 
2018-03-10 22:37:03 -==> Parameters: 1(Long), admin(String), 编辑用户(String), 11(Integer), com.bootdo.system.controller.UserController.edit()(String), null, 127.0.0.1(String), 2018-03-10 22:37:03.258(Timestamp)
2018-03-10 22:37:03 -<==    Updates: 1
2018-03-10 22:37:04 -请求地址 : http://localhost/sys/user/update
2018-03-10 22:37:04 -HTTP METHOD : POST
2018-03-10 22:37:04 -CLASS_METHOD : com.bootdo.system.controller.UserController.update
2018-03-10 22:37:04 -参数 : [UserDO{userId=137, username='test2', name='测试用户2', password='null', deptId=12, deptName='产品一部', email='test2@bootdo.com', mobile='null', status=1, userIdCreate=null, gmtCreate=null, gmtModified=null, roleIds=[], sex=null, birth=null, picId=null, liveAddress='null', hobby='null', province='null', city='null', district='null'}]
2018-03-10 22:37:04 -==>  Preparing: update sys_user SET `username` = ?, `name` = ?, `dept_id` = ?, `email` = ?, `status` = ? where user_id = ? 
2018-03-10 22:37:04 -==> Parameters: test2(String), 测试用户2(String), 12(Long), test2@bootdo.com(String), 1(Integer), 137(Long)
2018-03-10 22:37:04 -<==    Updates: 1
2018-03-10 22:37:04 -==>  Preparing: delete from sys_user_role where user_id=? 
2018-03-10 22:37:04 -==> Parameters: 137(Long)
2018-03-10 22:37:04 -<==    Updates: 0
2018-03-10 22:37:04 -耗时 : 6
2018-03-10 22:37:04 -返回值 : {msg=操作成功, code=0}
2018-03-10 22:37:04 -==>  Preparing: insert into sys_log ( `user_id`, `username`, `operation`, `time`, `method`, `params`, `ip`, `gmt_create` ) values ( ?, ?, ?, ?, ?, ?, ?, ? ) 
2018-03-10 22:37:04 -==> Parameters: 1(Long), admin(String), 更新用户(String), 6(Integer), com.bootdo.system.controller.UserController.update()(String), null, 127.0.0.1(String), 2018-03-10 22:37:04.768(Timestamp)
2018-03-10 22:37:04 -<==    Updates: 1
2018-03-10 22:37:04 -请求地址 : http://localhost/sys/user/list
2018-03-10 22:37:04 -HTTP METHOD : GET
2018-03-10 22:37:04 -CLASS_METHOD : com.bootdo.system.controller.UserController.list
2018-03-10 22:37:04 -参数 : [{limit=10, offset=0, name=, deptId=}]
2018-03-10 22:37:04 -==>  Preparing: select `user_id`,`username`,`name`,`password`,`dept_id`,`email`,`mobile`,`status`,`user_id_create`,`gmt_create`,`gmt_modified`,`sex`,`birth`,`pic_id`,`live_address`,`hobby`,`province`,`city`,`district` from sys_user order by user_id desc limit ?, ? 
2018-03-10 22:37:04 -==> Parameters: 0(Integer), 10(Integer)
2018-03-10 22:37:04 -<==      Total: 10
2018-03-10 22:37:04 -==>  Preparing: select count(*) from sys_user 
2018-03-10 22:37:04 -==> Parameters: 
2018-03-10 22:37:04 -<==      Total: 1
2018-03-10 22:37:04 -耗时 : 5
2018-03-10 22:37:04 -返回值 : com.bootdo.common.utils.PageUtils@443ae981
