2018-03-11 18:17:44 -Starting BootdoApplication on HUSHUANG with PID 11544 (E:\WORKSPACE\bootdo\bootdo\target\classes started by 32021 in E:\WORKSPACE\bootdo\bootdo)
2018-03-11 18:17:44 -Running with Spring Boot v1.5.6.RELEASE, Spring v4.3.10.RELEASE
2018-03-11 18:17:44 -The following profiles are active: dev
2018-03-11 18:17:57 -ApplicationContext registed-->org.springframework.boot.context.embedded.AnnotationConfigEmbeddedWebApplicationContext@2ea41516: startup date [Sun Mar 11 18:17:45 CST 2018]; root of context hierarchy
2018-03-11 18:18:05 -==>  Preparing: select `id`,`cron_expression`,`method_name`,`is_concurrent`,`description`,`update_by`,`bean_class`,`create_date`,`job_status`,`job_group`,`update_date`,`create_by`,`spring_bean`,`job_name` from sys_task order by id desc 
2018-03-11 18:18:05 -==> Parameters: 
2018-03-11 18:18:05 -<==      Total: 1
2018-03-11 18:18:05 -Started BootdoApplication in 21.554 seconds (JVM running for 22.658)
2018-03-11 18:18:15 -请求地址 : http://localhost/
2018-03-11 18:18:15 -HTTP METHOD : GET
2018-03-11 18:18:15 -CLASS_METHOD : com.bootdo.system.controller.LoginController.welcome
2018-03-11 18:18:15 -参数 : [{}]
2018-03-11 18:18:15 -耗时 : 2
2018-03-11 18:18:15 -返回值 : redirect:/blog
2018-03-11 18:18:15 -请求地址 : http://localhost/blog
2018-03-11 18:18:15 -HTTP METHOD : GET
2018-03-11 18:18:15 -CLASS_METHOD : com.bootdo.blog.controller.BlogController.blog
2018-03-11 18:18:15 -参数 : []
2018-03-11 18:18:15 -耗时 : 1
2018-03-11 18:18:15 -返回值 : blog/index/main
2018-03-11 18:18:16 -请求地址 : http://localhost/blog/open/list
2018-03-11 18:18:16 -HTTP METHOD : GET
2018-03-11 18:18:16 -CLASS_METHOD : com.bootdo.blog.controller.BlogController.opentList
2018-03-11 18:18:16 -参数 : [{type=article, limit=10, offset=0}]
2018-03-11 18:18:16 -==>  Preparing: select `cid`,`title`,`slug`,`created`,`modified`,`content`,`type`,`tags`,`categories`,`hits`,`comments_num`,`allow_comment`,`allow_ping`,`allow_feed`,`status`,`author`,`gtm_create`,`gtm_modified` from blog_content WHERE type = ? order by cid desc limit 0, 10 
2018-03-11 18:18:16 -==> Parameters: article(String)
2018-03-11 18:18:16 -<==      Total: 10
2018-03-11 18:18:16 -==>  Preparing: select count(*) from blog_content WHERE type = ? 
2018-03-11 18:18:16 -==> Parameters: article(String)
2018-03-11 18:18:16 -<==      Total: 1
2018-03-11 18:18:16 -耗时 : 52
2018-03-11 18:18:16 -返回值 : com.bootdo.common.utils.PageUtils@70b69e78
2018-03-11 18:18:20 -请求地址 : http://localhost/login
2018-03-11 18:18:20 -HTTP METHOD : GET
2018-03-11 18:18:20 -CLASS_METHOD : com.bootdo.system.controller.LoginController.login
2018-03-11 18:18:20 -参数 : []
2018-03-11 18:18:20 -耗时 : 1
2018-03-11 18:18:20 -返回值 : login
2018-03-11 18:18:21 -==>  Preparing: select `user_id`,`username`,`name`,`password`,`dept_id`,`email`,`mobile`,`status`,`user_id_create`,`gmt_create`,`gmt_modified`,`sex`,`birth`,`pic_id`,`live_address`,`hobby`,`province`,`city`,`district` from sys_user WHERE username = ? order by user_id desc 
2018-03-11 18:18:21 -==> Parameters: admin(String)
2018-03-11 18:18:21 -<==      Total: 1
2018-03-11 18:18:21 -请求地址 : http://localhost/login
2018-03-11 18:18:21 -HTTP METHOD : POST
2018-03-11 18:18:21 -CLASS_METHOD : com.bootdo.system.controller.LoginController.ajaxLogin
2018-03-11 18:18:21 -参数 : [admin, 111111]
2018-03-11 18:18:21 -==>  Preparing: select `user_id`,`username`,`name`,`password`,`dept_id`,`email`,`mobile`,`status`,`user_id_create`,`gmt_create`,`gmt_modified`,`sex`,`birth`,`pic_id`,`live_address`,`hobby`,`province`,`city`,`district` from sys_user WHERE username = ? order by user_id desc 
2018-03-11 18:18:21 -==> Parameters: admin(String)
2018-03-11 18:18:21 -<==      Total: 1
2018-03-11 18:18:21 -耗时 : 27
2018-03-11 18:18:21 -返回值 : {msg=操作成功, code=0}
2018-03-11 18:18:21 -==>  Preparing: insert into sys_log ( `user_id`, `username`, `operation`, `time`, `method`, `params`, `ip`, `gmt_create` ) values ( ?, ?, ?, ?, ?, ?, ?, ? ) 
2018-03-11 18:18:21 -==> Parameters: 1(Long), admin(String), 登录(String), 27(Integer), com.bootdo.system.controller.LoginController.ajaxLogin()(String), null, 127.0.0.1(String), 2018-03-11 18:18:21.692(Timestamp)
2018-03-11 18:18:21 -<==    Updates: 1
2018-03-11 18:18:21 -请求地址 : http://localhost/index
2018-03-11 18:18:21 -HTTP METHOD : GET
2018-03-11 18:18:21 -CLASS_METHOD : com.bootdo.system.controller.LoginController.index
2018-03-11 18:18:21 -参数 : [{}]
2018-03-11 18:18:21 -==>  Preparing: select distinct m.menu_id , parent_id, name, url, perms,`type`,icon,order_num,gmt_create, gmt_modified from sys_menu m left join sys_role_menu rm on m.menu_id = rm.menu_id left join sys_user_role ur on rm.role_id =ur.role_id where ur.user_id = ? and m.type in(0,1) order by m.order_num 
2018-03-11 18:18:21 -==> Parameters: 1(Long)
2018-03-11 18:18:21 -<==      Total: 27
2018-03-11 18:18:21 -==>  Preparing: select `id`,`type`,`url`,`create_date` from sys_file where id = ? 
2018-03-11 18:18:21 -==> Parameters: 138(Long)
2018-03-11 18:18:21 -<==      Total: 1
2018-03-11 18:18:21 -耗时 : 71
2018-03-11 18:18:21 -返回值 : index_v1
2018-03-11 18:18:21 -==>  Preparing: insert into sys_log ( `user_id`, `username`, `operation`, `time`, `method`, `params`, `ip`, `gmt_create` ) values ( ?, ?, ?, ?, ?, ?, ?, ? ) 
2018-03-11 18:18:21 -==> Parameters: 1(Long), admin(String), 请求访问主页(String), 71(Integer), com.bootdo.system.controller.LoginController.index()(String), null, 127.0.0.1(String), 2018-03-11 18:18:21.95(Timestamp)
2018-03-11 18:18:21 -<==    Updates: 1
2018-03-11 18:18:22 -请求地址 : http://localhost/main
2018-03-11 18:18:22 -HTTP METHOD : GET
2018-03-11 18:18:22 -CLASS_METHOD : com.bootdo.system.controller.LoginController.main
2018-03-11 18:18:22 -参数 : []
2018-03-11 18:18:22 -耗时 : 1
2018-03-11 18:18:22 -返回值 : main
2018-03-11 18:18:22 -请求地址 : http://localhost/oa/notify/message
2018-03-11 18:18:22 -HTTP METHOD : GET
2018-03-11 18:18:22 -CLASS_METHOD : com.bootdo.oa.controller.NotifyController.message
2018-03-11 18:18:22 -参数 : []
2018-03-11 18:18:22 -==>  Preparing: select DISTINCT n.id ,`type`,`title`,`content`,`files`,r.is_read,`status`,`create_by`,`create_date`,`update_by`,`update_date`,`remarks`,`del_flag` from oa_notify_record r right JOIN oa_notify n on r.notify_id = n.id WHERE r.is_read = ? and r.user_id = ? order by is_read ASC, update_date DESC limit ?, ? 
2018-03-11 18:18:22 -==> Parameters: 0(String), 1(Long), 0(Integer), 3(Integer)
2018-03-11 18:18:22 -<==      Total: 0
2018-03-11 18:18:22 -==>  Preparing: select count(*) from oa_notify_record r right JOIN oa_notify n on r.notify_id = n.id where r.user_id =? and r.is_read = ? 
2018-03-11 18:18:22 -==> Parameters: 1(Long), 0(String)
2018-03-11 18:18:22 -<==      Total: 1
2018-03-11 18:18:22 -耗时 : 7
2018-03-11 18:18:22 -返回值 : com.bootdo.common.utils.PageUtils@59b182a8
2018-03-11 18:18:22 -请求地址 : http://localhost/main
2018-03-11 18:18:22 -HTTP METHOD : GET
2018-03-11 18:18:22 -CLASS_METHOD : com.bootdo.system.controller.LoginController.main
2018-03-11 18:18:22 -参数 : []
2018-03-11 18:18:22 -耗时 : 0
2018-03-11 18:18:22 -返回值 : main
2018-03-11 18:18:28 -请求地址 : http://localhost/main
2018-03-11 18:18:28 -HTTP METHOD : GET
2018-03-11 18:18:28 -CLASS_METHOD : com.bootdo.system.controller.LoginController.main
2018-03-11 18:18:28 -参数 : []
2018-03-11 18:18:28 -耗时 : 0
2018-03-11 18:18:28 -返回值 : main
2018-03-11 18:18:31 -==>  Preparing: select distinct m.perms from sys_menu m left join sys_role_menu rm on m.menu_id = rm.menu_id left join sys_user_role ur on rm.role_id = ur.role_id where ur.user_id = ? 
2018-03-11 18:18:31 -==> Parameters: 1(Long)
2018-03-11 18:18:31 -<==      Total: 47
2018-03-11 18:18:31 -请求地址 : http://localhost/common/dict
2018-03-11 18:18:31 -HTTP METHOD : GET
2018-03-11 18:18:31 -CLASS_METHOD : com.bootdo.common.controller.DictController.dict
2018-03-11 18:18:31 -参数 : []
2018-03-11 18:18:31 -耗时 : 1
2018-03-11 18:18:31 -返回值 : common/dict/dict
2018-03-11 18:18:31 -请求地址 : http://localhost/common/dict/type
2018-03-11 18:18:31 -HTTP METHOD : GET
2018-03-11 18:18:31 -CLASS_METHOD : com.bootdo.common.controller.DictController.listType
2018-03-11 18:18:31 -参数 : []
2018-03-11 18:18:31 -==>  Preparing: select distinct `type` , description from sys_dict 
2018-03-11 18:18:31 -==> Parameters: 
2018-03-11 18:18:31 -<==      Total: 31
2018-03-11 18:18:31 -耗时 : 12
2018-03-11 18:18:31 -返回值 : [DictDO{id=null, name='null', value='null', type='del_flag', description='删除标记', sort=null, parentId=null, createBy=null, createDate=null, updateBy=null, updateDate=null, remarks='null', delFlag='null'}, DictDO{id=null, name='null', value='null', type='show_hide', description='显示/隐藏', sort=null, parentId=null, createBy=null, createDate=null, updateBy=null, updateDate=null, remarks='null', delFlag='null'}, DictDO{id=null, name='null', value='null', type='yes_no', description='是/否', sort=null, parentId=null, createBy=null, createDate=null, updateBy=null, updateDate=null, remarks='null', delFlag='null'}, DictDO{id=null, name='null', value='null', type='color', description='颜色值', sort=null, parentId=null, createBy=null, createDate=null, updateBy=null, updateDate=null, remarks='null', delFlag='null'}, DictDO{id=null, name='null', value='null', type='theme', description='主题方案', sort=null, parentId=null, createBy=null, createDate=null, updateBy=null, updateDate=null, remarks='null', delFlag='null'}, DictDO{id=null, name='null', value='null', type='sys_area_type', description='区域类型', sort=null, parentId=null, createBy=null, createDate=null, updateBy=null, updateDate=null, remarks='null', delFlag='null'}, DictDO{id=null, name='null', value='null', type='sys_office_type', description='机构类型', sort=null, parentId=null, createBy=null, createDate=null, updateBy=null, updateDate=null, remarks='null', delFlag='null'}, DictDO{id=null, name='null', value='null', type='sys_office_common', description='快捷通用部门', sort=null, parentId=null, createBy=null, createDate=null, updateBy=null, updateDate=null, remarks='null', delFlag='null'}, DictDO{id=null, name='null', value='null', type='sys_office_grade', description='机构等级', sort=null, parentId=null, createBy=null, createDate=null, updateBy=null, updateDate=null, remarks='null', delFlag='null'}, DictDO{id=null, name='null', value='null', type='sys_data_scope', description='数据范围', sort=null, parentId=null, createBy=null, createDate=null, updateBy=null, updateDate=null, remarks='null', delFlag='null'}, DictDO{id=null, name='null', value='null', type='sys_user_type', description='用户类型', sort=null, parentId=null, createBy=null, createDate=null, updateBy=null, updateDate=null, remarks='null', delFlag='null'}, DictDO{id=null, name='null', value='null', type='cms_theme', description='站点主题', sort=null, parentId=null, createBy=null, createDate=null, updateBy=null, updateDate=null, remarks='null', delFlag='null'}, DictDO{id=null, name='null', value='null', type='cms_module', description='栏目模型', sort=null, parentId=null, createBy=null, createDate=null, updateBy=null, updateDate=null, remarks='null', delFlag='null'}, DictDO{id=null, name='null', value='null', type='cms_show_modes', description='展现方式', sort=null, parentId=null, createBy=null, createDate=null, updateBy=null, updateDate=null, remarks='null', delFlag='null'}, DictDO{id=null, name='null', value='null', type='cms_del_flag', description='内容状态', sort=null, parentId=null, createBy=null, createDate=null, updateBy=null, updateDate=null, remarks='null', delFlag='null'}, DictDO{id=null, name='null', value='null', type='cms_posid', description='推荐位', sort=null, parentId=null, createBy=null, createDate=null, updateBy=null, updateDate=null, remarks='null', delFlag='null'}, DictDO{id=null, name='null', value='null', type='cms_guestbook', description='留言板分类', sort=null, parentId=null, createBy=null, createDate=null, updateBy=null, updateDate=null, remarks='null', delFlag='null'}, DictDO{id=null, name='null', value='null', type='oa_leave_type', description='请假类型', sort=null, parentId=null, createBy=null, createDate=null, updateBy=null, updateDate=null, remarks='null', delFlag='null'}, DictDO{id=null, name='null', value='null', type='sys_log_type', description='日志类型', sort=null, parentId=null, createBy=null, createDate=null, updateBy=null, updateDate=null, remarks='null', delFlag='null'}, DictDO{id=null, name='null', value='null', type='act_type', description='流程类型', sort=null, parentId=null, createBy=null, createDate=null, updateBy=null, updateDate=null, remarks='null', delFlag='null'}, DictDO{id=null, name='null', value='null', type='act_category', description='流程分类', sort=null, parentId=null, createBy=null, createDate=null, updateBy=null, updateDate=null, remarks='null', delFlag='null'}, DictDO{id=null, name='null', value='null', type='gen_category', description='代码生成分类', sort=null, parentId=null, createBy=null, createDate=null, updateBy=null, updateDate=null, remarks='null', delFlag='null'}, DictDO{id=null, name='null', value='null', type='gen_query_type', description='查询方式', sort=null, parentId=null, createBy=null, createDate=null, updateBy=null, updateDate=null, remarks='null', delFlag='null'}, DictDO{id=null, name='null', value='null', type='gen_show_type', description='字段生成方案', sort=null, parentId=null, createBy=null, createDate=null, updateBy=null, updateDate=null, remarks='null', delFlag='null'}, DictDO{id=null, name='null', value='null', type='gen_java_type', description='Java类型', sort=null, parentId=null, createBy=null, createDate=null, updateBy=null, updateDate=null, remarks='null', delFlag='null'}, DictDO{id=null, name='null', value='null', type='sex', description='性别', sort=null, parentId=null, createBy=null, createDate=null, updateBy=null, updateDate=null, remarks='null', delFlag='null'}, DictDO{id=null, name='null', value='null', type='oa_notify_type', description='通知通告类型', sort=null, parentId=null, createBy=null, createDate=null, updateBy=null, updateDate=null, remarks='null', delFlag='null'}, DictDO{id=null, name='null', value='null', type='oa_notify_status', description='通知通告状态', sort=null, parentId=null, createBy=null, createDate=null, updateBy=null, updateDate=null, remarks='null', delFlag='null'}, DictDO{id=null, name='null', value='null', type='oa_notify_read', description='通知通告状态', sort=null, parentId=null, createBy=null, createDate=null, updateBy=null, updateDate=null, remarks='null', delFlag='null'}, DictDO{id=null, name='null', value='null', type='blog_type', description='博客类型', sort=null, parentId=null, createBy=null, createDate=null, updateBy=null, updateDate=null, remarks='null', delFlag='null'}, DictDO{id=null, name='null', value='null', type='hobby', description='爱好', sort=null, parentId=null, createBy=null, createDate=null, updateBy=null, updateDate=null, remarks='null', delFlag='null'}]
2018-03-11 18:18:31 -请求地址 : http://localhost/common/dict/list
2018-03-11 18:18:31 -HTTP METHOD : GET
2018-03-11 18:18:31 -CLASS_METHOD : com.bootdo.common.controller.DictController.list
2018-03-11 18:18:31 -参数 : [{limit=10, offset=0}]
2018-03-11 18:18:31 -==>  Preparing: select `id`,`name`,`value`,`type`,`description`,`sort`,`parent_id`,`create_by`,`create_date`,`update_by`,`update_date`,`remarks`,`del_flag` from sys_dict order by id desc limit ?, ? 
2018-03-11 18:18:31 -==> Parameters: 0(Integer), 10(Integer)
2018-03-11 18:18:31 -<==      Total: 10
2018-03-11 18:18:31 -==>  Preparing: select count(*) from sys_dict 
2018-03-11 18:18:31 -==> Parameters: 
2018-03-11 18:18:31 -<==      Total: 1
2018-03-11 18:18:31 -耗时 : 12
2018-03-11 18:18:31 -返回值 : com.bootdo.common.utils.PageUtils@7c78d4b9
2018-03-11 18:18:31 -请求地址 : http://localhost/common/sysFile
2018-03-11 18:18:31 -HTTP METHOD : GET
2018-03-11 18:18:31 -CLASS_METHOD : com.bootdo.common.controller.FileController.sysFile
2018-03-11 18:18:31 -参数 : [{}]
2018-03-11 18:18:31 -耗时 : 1
2018-03-11 18:18:31 -返回值 : common/file/file
2018-03-11 18:18:32 -请求地址 : http://localhost/common/sysFile/list
2018-03-11 18:18:32 -HTTP METHOD : GET
2018-03-11 18:18:32 -CLASS_METHOD : com.bootdo.common.controller.FileController.list
2018-03-11 18:18:32 -参数 : [{limit=12, offset=0, type=}]
2018-03-11 18:18:32 -==>  Preparing: select `id`,`type`,`url`,`create_date` from sys_file order by id desc limit ?, ? 
2018-03-11 18:18:32 -==> Parameters: 0(Integer), 12(Integer)
2018-03-11 18:18:32 -<==      Total: 8
2018-03-11 18:18:32 -==>  Preparing: select count(*) from sys_file 
2018-03-11 18:18:32 -==> Parameters: 
2018-03-11 18:18:32 -<==      Total: 1
2018-03-11 18:18:32 -耗时 : 18
2018-03-11 18:18:32 -返回值 : com.bootdo.common.utils.PageUtils@2f431ab1
2018-03-11 18:18:33 -请求地址 : http://localhost/sys/user/
2018-03-11 18:18:33 -HTTP METHOD : GET
2018-03-11 18:18:33 -CLASS_METHOD : com.bootdo.system.controller.UserController.user
2018-03-11 18:18:33 -参数 : [{}]
2018-03-11 18:18:33 -耗时 : 3
2018-03-11 18:18:33 -返回值 : system/user/user
2018-03-11 18:18:33 -请求地址 : http://localhost/system/sysDept/tree
2018-03-11 18:18:33 -HTTP METHOD : GET
2018-03-11 18:18:33 -CLASS_METHOD : com.bootdo.system.controller.DeptController.tree
2018-03-11 18:18:33 -参数 : []
2018-03-11 18:18:33 -==>  Preparing: select `dept_id`,`parent_id`,`name`,`order_num`,`del_flag` from sys_dept order by dept_id desc 
2018-03-11 18:18:33 -==> Parameters: 
2018-03-11 18:18:33 -<==      Total: 10
2018-03-11 18:18:33 -耗时 : 13
2018-03-11 18:18:33 -返回值 : {"checked":true,"children":[{"checked":false,"children":[{"checked":false,"children":[],"hasChildren":false,"hasParent":true,"id":"15","parentId":"13","state":{"opened":true},"text":"测试二部"},{"checked":false,"children":[],"hasChildren":false,"hasParent":true,"id":"14","parentId":"13","state":{"opened":true},"text":"测试一部"}],"hasChildren":true,"hasParent":false,"id":"13","parentId":"0","state":{"opened":true},"text":"测试部"},{"checked":false,"children":[{"checked":false,"children":[],"hasChildren":false,"hasParent":true,"id":"12","parentId":"11","state":{"opened":true},"text":"产品一部"}],"hasChildren":true,"hasParent":false,"id":"11","parentId":"0","state":{"opened":true},"text":"产品部"},{"checked":false,"children":[{"checked":false,"children":[],"hasChildren":false,"hasParent":true,"id":"10","parentId":"9","state":{"opened":true},"text":"销售一部"}],"hasChildren":true,"hasParent":false,"id":"9","parentId":"0","state":{"opened":true},"text":"销售部"},{"checked":false,"children":[{"checked":false,"children":[],"hasChildren":false,"hasParent":true,"id":"8","parentId":"6","state":{"opened":true},"text":"研发二部"},{"checked":false,"children":[],"hasChildren":false,"hasParent":true,"id":"7","parentId":"6","state":{"opened":true},"text":"研發一部"}],"hasChildren":true,"hasParent":false,"id":"6","parentId":"0","state":{"opened":true},"text":"研发部"}],"hasChildren":true,"hasParent":false,"id":"-1","parentId":"","state":{"opened":true},"text":"顶级节点"}
2018-03-11 18:18:33 -请求地址 : http://localhost/sys/user/list
2018-03-11 18:18:33 -HTTP METHOD : GET
2018-03-11 18:18:33 -CLASS_METHOD : com.bootdo.system.controller.UserController.list
2018-03-11 18:18:33 -参数 : [{limit=10, offset=0, name=, deptId=}]
2018-03-11 18:18:33 -==>  Preparing: select `user_id`,`username`,`name`,`password`,`dept_id`,`email`,`mobile`,`status`,`user_id_create`,`gmt_create`,`gmt_modified`,`sex`,`birth`,`pic_id`,`live_address`,`hobby`,`province`,`city`,`district` from sys_user order by user_id desc limit ?, ? 
2018-03-11 18:18:33 -==> Parameters: 0(Integer), 10(Integer)
2018-03-11 18:18:33 -<==      Total: 10
2018-03-11 18:18:33 -==>  Preparing: select count(*) from sys_user 
2018-03-11 18:18:33 -==> Parameters: 
2018-03-11 18:18:33 -<==      Total: 1
2018-03-11 18:18:33 -耗时 : 35
2018-03-11 18:18:33 -返回值 : com.bootdo.common.utils.PageUtils@cd437c1
2018-03-11 18:18:34 -请求地址 : http://localhost/sys/role
2018-03-11 18:18:34 -HTTP METHOD : GET
2018-03-11 18:18:34 -CLASS_METHOD : com.bootdo.system.controller.RoleController.role
2018-03-11 18:18:34 -参数 : []
2018-03-11 18:18:34 -耗时 : 1
2018-03-11 18:18:34 -返回值 : system/role/role
2018-03-11 18:18:34 -请求地址 : http://localhost/sys/role/list
2018-03-11 18:18:34 -HTTP METHOD : GET
2018-03-11 18:18:34 -CLASS_METHOD : com.bootdo.system.controller.RoleController.list
2018-03-11 18:18:34 -参数 : []
2018-03-11 18:18:34 -==>  Preparing: select `role_id`,`role_name`,`role_sign`,`remark`,`user_id_create`,`gmt_create`,`gmt_modified` from sys_role order by role_id desc 
2018-03-11 18:18:34 -==> Parameters: 
2018-03-11 18:18:34 -<==      Total: 1
2018-03-11 18:18:34 -耗时 : 4
2018-03-11 18:18:34 -返回值 : [RoleDO{roleId=1, roleName='超级用户角色', roleSign='admin', remark='拥有最高权限', userIdCreate=2, gmtCreate=2017-08-12 00:43:52.0, gmtModified=2017-08-12 19:14:59.0, menuIds=null}]
2018-03-11 18:18:35 -请求地址 : http://localhost/sys/menu/
2018-03-11 18:18:35 -HTTP METHOD : GET
2018-03-11 18:18:35 -CLASS_METHOD : com.bootdo.system.controller.MenuController.menu
2018-03-11 18:18:35 -参数 : [{}]
2018-03-11 18:18:35 -耗时 : 1
2018-03-11 18:18:35 -返回值 : system/menu/menu
2018-03-11 18:18:35 -请求地址 : http://localhost/sys/menu/list
2018-03-11 18:18:35 -HTTP METHOD : GET
2018-03-11 18:18:35 -CLASS_METHOD : com.bootdo.system.controller.MenuController.list
2018-03-11 18:18:35 -参数 : [{sort=order_num}]
2018-03-11 18:18:35 -==>  Preparing: select `menu_id`,`parent_id`,`name`,`url`,`perms`,`type`,`icon`,`order_num`,`gmt_create`,`gmt_modified` from sys_menu order by order_num 
2018-03-11 18:18:35 -==> Parameters: 
2018-03-11 18:18:35 -<==      Total: 61
2018-03-11 18:18:35 -耗时 : 23
2018-03-11 18:18:35 -返回值 : [MenuDO{menuId=51, parentId=50, name='新增', url='', perms='blog:bContent:add', type=2, icon='', orderNum=null, gmtCreate=null, gmtModified=null}, MenuDO{menuId=55, parentId=7, name='编辑', url='', perms='sys:role:edit', type=2, icon='', orderNum=null, gmtCreate=null, gmtModified=null}, MenuDO{menuId=56, parentId=7, name='删除', url='', perms='sys:role:remove', type=2, icon='null', orderNum=null, gmtCreate=null, gmtModified=null}, MenuDO{menuId=58, parentId=50, name='编辑', url='', perms='blog:bContent:edit', type=2, icon='null', orderNum=null, gmtCreate=null, gmtModified=null}, MenuDO{menuId=59, parentId=50, name='删除', url='', perms='blog:bContent:remove', type=2, icon='null', orderNum=null, gmtCreate=null, gmtModified=null}, MenuDO{menuId=60, parentId=50, name='批量删除', url='', perms='blog:bContent:batchRemove', type=2, icon='null', orderNum=null, gmtCreate=null, gmtModified=null}, MenuDO{menuId=61, parentId=2, name='批量删除', url='', perms='sys:menu:batchRemove', type=2, icon='null', orderNum=null, gmtCreate=null, gmtModified=null}, MenuDO{menuId=62, parentId=7, name='批量删除', url='', perms='sys:role:batchRemove', type=2, icon='null', orderNum=null, gmtCreate=null, gmtModified=null}, MenuDO{menuId=85, parentId=84, name='通知公告', url='oa/notify', perms='oa:notify:notify', type=1, icon='fa fa-pencil-square', orderNum=null, gmtCreate=null, gmtModified=null}, MenuDO{menuId=88, parentId=85, name='删除', url='oa/notify/remove', perms='oa:notify:remove', type=2, icon='fa fa-minus', orderNum=null, gmtCreate=null, gmtModified=null}, MenuDO{menuId=89, parentId=85, name='批量删除', url='oa/notify/batchRemove', perms='oa:notify:batchRemove', type=2, icon='', orderNum=null, gmtCreate=null, gmtModified=null}, MenuDO{menuId=90, parentId=84, name='我的通知', url='oa/notify/selfNotify', perms='', type=1, icon='fa fa-envelope-square', orderNum=null, gmtCreate=null, gmtModified=null}, MenuDO{menuId=92, parentId=91, name='在线用户', url='sys/online', perms='', type=1, icon='fa fa-user', orderNum=null, gmtCreate=null, gmtModified=null}, MenuDO{menuId=94, parentId=93, name='模型管理', url='activiti/model', perms='', type=1, icon='fa fa-sort-amount-asc', orderNum=null, gmtCreate=null, gmtModified=null}, MenuDO{menuId=95, parentId=94, name='全部权限', url='', perms='activiti:model', type=2, icon='', orderNum=null, gmtCreate=null, gmtModified=null}, MenuDO{menuId=96, parentId=93, name='流程管理', url='activiti/process', perms='', type=1, icon='fa fa-flag', orderNum=null, gmtCreate=null, gmtModified=null}, MenuDO{menuId=98, parentId=97, name='百度chart', url='/chart/graph_echarts.html', perms='', type=1, icon='fa fa-area-chart', orderNum=null, gmtCreate=null, gmtModified=null}, MenuDO{menuId=99, parentId=96, name='所有权限', url='', perms='act:process', type=2, icon='', orderNum=null, gmtCreate=null, gmtModified=null}, MenuDO{menuId=101, parentId=93, name='待办任务', url='activiti/task/todo', perms='', type=1, icon='', orderNum=null, gmtCreate=null, gmtModified=null}, MenuDO{menuId=1, parentId=0, name='基础管理', url='', perms='', type=0, icon='fa fa-bars', orderNum=0, gmtCreate=Wed Aug 09 22:49:47 CST 2017, gmtModified=null}, MenuDO{menuId=6, parentId=3, name='用户管理', url='sys/user/', perms='sys:user:user', type=1, icon='fa fa-user', orderNum=0, gmtCreate=Thu Aug 10 14:12:11 CST 2017, gmtModified=null}, MenuDO{menuId=12, parentId=6, name='新增', url='', perms='sys:user:add', type=2, icon='', orderNum=0, gmtCreate=Mon Aug 14 10:51:35 CST 2017, gmtModified=null}, MenuDO{menuId=13, parentId=6, name='编辑', url='', perms='sys:user:edit', type=2, icon='', orderNum=0, gmtCreate=Mon Aug 14 10:52:06 CST 2017, gmtModified=null}, MenuDO{menuId=14, parentId=6, name='删除', url='null', perms='sys:user:remove', type=2, icon='null', orderNum=0, gmtCreate=Mon Aug 14 10:52:24 CST 2017, gmtModified=null}, MenuDO{menuId=15, parentId=7, name='新增', url='', perms='sys:role:add', type=2, icon='', orderNum=0, gmtCreate=Mon Aug 14 10:56:37 CST 2017, gmtModified=null}, MenuDO{menuId=20, parentId=2, name='新增', url='', perms='sys:menu:add', type=2, icon='', orderNum=0, gmtCreate=Mon Aug 14 10:59:32 CST 2017, gmtModified=null}, MenuDO{menuId=21, parentId=2, name='编辑', url='', perms='sys:menu:edit', type=2, icon='', orderNum=0, gmtCreate=Mon Aug 14 10:59:56 CST 2017, gmtModified=null}, MenuDO{menuId=22, parentId=2, name='删除', url='', perms='sys:menu:remove', type=2, icon='', orderNum=0, gmtCreate=Mon Aug 14 11:00:26 CST 2017, gmtModified=null}, MenuDO{menuId=24, parentId=6, name='批量删除', url='', perms='sys:user:batchRemove', type=2, icon='', orderNum=0, gmtCreate=Mon Aug 14 17:27:18 CST 2017, gmtModified=null}, MenuDO{menuId=25, parentId=6, name='停用', url='null', perms='sys:user:disable', type=2, icon='null', orderNum=0, gmtCreate=Mon Aug 14 17:27:43 CST 2017, gmtModified=null}, MenuDO{menuId=26, parentId=6, name='重置密码', url='', perms='sys:user:resetPwd', type=2, icon='', orderNum=0, gmtCreate=Mon Aug 14 17:28:34 CST 2017, gmtModified=null}, MenuDO{menuId=27, parentId=91, name='系统日志', url='common/log', perms='common:log', type=1, icon='fa fa-warning', orderNum=0, gmtCreate=Mon Aug 14 22:11:53 CST 2017, gmtModified=null}, MenuDO{menuId=28, parentId=27, name='刷新', url='null', perms='sys:log:list', type=2, icon='null', orderNum=0, gmtCreate=Mon Aug 14 22:30:22 CST 2017, gmtModified=null}, MenuDO{menuId=29, parentId=27, name='删除', url='null', perms='sys:log:remove', type=2, icon='null', orderNum=0, gmtCreate=Mon Aug 14 22:30:43 CST 2017, gmtModified=null}, MenuDO{menuId=30, parentId=27, name='清空', url='null', perms='sys:log:clear', type=2, icon='null', orderNum=0, gmtCreate=Mon Aug 14 22:31:02 CST 2017, gmtModified=null}, MenuDO{menuId=68, parentId=49, name='发布文章', url='/blog/bContent/add', perms='blog:bContent:add', type=1, icon='fa fa-edit', orderNum=0, gmtCreate=null, gmtModified=null}, MenuDO{menuId=3, parentId=0, name='系统管理', url='null', perms='null', type=0, icon='fa fa-desktop', orderNum=1, gmtCreate=Wed Aug 09 23:06:55 CST 2017, gmtModified=Mon Aug 14 14:13:43 CST 2017}, MenuDO{menuId=7, parentId=3, name='角色管理', url='sys/role', perms='sys:role:role', type=1, icon='fa fa-paw', orderNum=1, gmtCreate=Thu Aug 10 14:13:19 CST 2017, gmtModified=null}, MenuDO{menuId=50, parentId=49, name='文章列表', url='blog/bContent', perms='blog:bContent:bContent', type=1, icon='fa fa-file-image-o', orderNum=1, gmtCreate=null, gmtModified=null}, MenuDO{menuId=57, parentId=91, name='运行监控', url='/druid/index.html', perms='', type=1, icon='fa fa-caret-square-o-right', orderNum=1, gmtCreate=null, gmtModified=null}, MenuDO{menuId=74, parentId=73, name='增加', url='/system/sysDept/add', perms='system:sysDept:add', type=2, icon='null', orderNum=1, gmtCreate=null, gmtModified=null}, MenuDO{menuId=78, parentId=1, name='数据字典', url='/common/dict', perms='common:dict:dict', type=1, icon='fa fa-book', orderNum=1, gmtCreate=null, gmtModified=null}, MenuDO{menuId=86, parentId=85, name='新增', url='oa/notify/add', perms='oa:notify:add', type=2, icon='fa fa-plus', orderNum=1, gmtCreate=null, gmtModified=null}, MenuDO{menuId=2, parentId=3, name='系统菜单', url='sys/menu/', perms='sys:menu:menu', type=1, icon='fa fa-th-list', orderNum=2, gmtCreate=Wed Aug 09 22:55:15 CST 2017, gmtModified=null}, MenuDO{menuId=71, parentId=1, name='文件管理', url='/common/sysFile', perms='common:sysFile:sysFile', type=1, icon='fa fa-folder-open', orderNum=2, gmtCreate=null, gmtModified=null}, MenuDO{menuId=75, parentId=73, name='刪除', url='system/sysDept/remove', perms='system:sysDept:remove', type=2, icon='null', orderNum=2, gmtCreate=null, gmtModified=null}, MenuDO{menuId=79, parentId=78, name='增加', url='/common/dict/add', perms='common:dict:add', type=2, icon='null', orderNum=2, gmtCreate=null, gmtModified=null}, MenuDO{menuId=80, parentId=78, name='编辑', url='/common/dict/edit', perms='common:dict:edit', type=2, icon='null', orderNum=2, gmtCreate=null, gmtModified=null}, MenuDO{menuId=87, parentId=85, name='编辑', url='oa/notify/edit', perms='oa:notify:edit', type=2, icon='fa fa-pencil-square-o', orderNum=2, gmtCreate=null, gmtModified=null}, MenuDO{menuId=48, parentId=77, name='代码生成', url='common/generator', perms='common:generator', type=1, icon='fa fa-code', orderNum=3, gmtCreate=null, gmtModified=null}, MenuDO{menuId=73, parentId=3, name='部门管理', url='/system/sysDept', perms='system:sysDept:sysDept', type=1, icon='fa fa-users', orderNum=3, gmtCreate=null, gmtModified=null}, MenuDO{menuId=76, parentId=73, name='编辑', url='/system/sysDept/edit', perms='system:sysDept:edit', type=2, icon='null', orderNum=3, gmtCreate=null, gmtModified=null}, MenuDO{menuId=81, parentId=78, name='删除', url='/common/dict/remove', perms='common:dict:remove', type=2, icon='', orderNum=3, gmtCreate=null, gmtModified=null}, MenuDO{menuId=72, parentId=77, name='计划任务', url='common/job', perms='common:taskScheduleJob', type=1, icon='fa fa-hourglass-1', orderNum=4, gmtCreate=null, gmtModified=null}, MenuDO{menuId=77, parentId=0, name='系统工具', url='', perms='', type=0, icon='fa fa-gear', orderNum=4, gmtCreate=null, gmtModified=null}, MenuDO{menuId=83, parentId=78, name='批量删除', url='/common/dict/batchRemove', perms='common:dict:batchRemove', type=2, icon='', orderNum=4, gmtCreate=null, gmtModified=null}, MenuDO{menuId=84, parentId=0, name='办公管理', url='', perms='', type=0, icon='fa fa-laptop', orderNum=5, gmtCreate=null, gmtModified=null}, MenuDO{menuId=91, parentId=0, name='系统监控', url='', perms='', type=0, icon='fa fa-video-camera', orderNum=5, gmtCreate=null, gmtModified=null}, MenuDO{menuId=49, parentId=0, name='博客管理', url='', perms='', type=0, icon='fa fa-rss', orderNum=6, gmtCreate=null, gmtModified=null}, MenuDO{menuId=93, parentId=0, name='工作流程', url='', perms='', type=0, icon='fa fa-print', orderNum=6, gmtCreate=null, gmtModified=null}, MenuDO{menuId=97, parentId=0, name='图表管理', url='', perms='', type=0, icon='fa fa-bar-chart', orderNum=7, gmtCreate=null, gmtModified=null}]
2018-03-11 18:18:43 -请求地址 : http://localhost/oa/notify
2018-03-11 18:18:43 -HTTP METHOD : GET
2018-03-11 18:18:43 -CLASS_METHOD : com.bootdo.oa.controller.NotifyController.oaNotify
2018-03-11 18:18:43 -参数 : []
2018-03-11 18:18:43 -耗时 : 1
2018-03-11 18:18:43 -返回值 : oa/notify/notify
2018-03-11 18:18:44 -请求地址 : http://localhost/oa/notify/list
2018-03-11 18:18:44 -HTTP METHOD : GET
2018-03-11 18:18:44 -CLASS_METHOD : com.bootdo.oa.controller.NotifyController.list
2018-03-11 18:18:44 -参数 : [{limit=10, offset=0}]
2018-03-11 18:18:44 -==>  Preparing: select `id`,`type`,`title`,`content`,`files`,`status`,`create_by`,`create_date`,`update_by`,`update_date`,`remarks`,`del_flag` from oa_notify order by id desc limit ?, ? 
2018-03-11 18:18:44 -==> Parameters: 0(Integer), 10(Integer)
2018-03-11 18:18:44 -<==      Total: 5
2018-03-11 18:18:44 -==>  Preparing: select `id`,`name`,`value`,`type`,`description`,`sort`,`parent_id`,`create_by`,`create_date`,`update_by`,`update_date`,`remarks`,`del_flag` from sys_dict WHERE value = ? and type = ? order by id desc 
2018-03-11 18:18:44 -==> Parameters: 3(String), oa_notify_type(String)
2018-03-11 18:18:44 -<==      Total: 1
2018-03-11 18:18:44 -==>  Preparing: select `id`,`name`,`value`,`type`,`description`,`sort`,`parent_id`,`create_by`,`create_date`,`update_by`,`update_date`,`remarks`,`del_flag` from sys_dict WHERE value = ? and type = ? order by id desc 
2018-03-11 18:18:44 -==> Parameters: 3(String), oa_notify_type(String)
2018-03-11 18:18:44 -<==      Total: 1
2018-03-11 18:18:44 -==>  Preparing: select `id`,`name`,`value`,`type`,`description`,`sort`,`parent_id`,`create_by`,`create_date`,`update_by`,`update_date`,`remarks`,`del_flag` from sys_dict WHERE value = ? and type = ? order by id desc 
2018-03-11 18:18:44 -==> Parameters: 3(String), oa_notify_type(String)
2018-03-11 18:18:44 -<==      Total: 1
2018-03-11 18:18:44 -==>  Preparing: select `id`,`name`,`value`,`type`,`description`,`sort`,`parent_id`,`create_by`,`create_date`,`update_by`,`update_date`,`remarks`,`del_flag` from sys_dict WHERE value = ? and type = ? order by id desc 
2018-03-11 18:18:44 -==> Parameters: 3(String), oa_notify_type(String)
2018-03-11 18:18:44 -<==      Total: 1
2018-03-11 18:18:44 -==>  Preparing: select `id`,`name`,`value`,`type`,`description`,`sort`,`parent_id`,`create_by`,`create_date`,`update_by`,`update_date`,`remarks`,`del_flag` from sys_dict WHERE value = ? and type = ? order by id desc 
2018-03-11 18:18:44 -==> Parameters: 3(String), oa_notify_type(String)
2018-03-11 18:18:44 -<==      Total: 1
2018-03-11 18:18:44 -==>  Preparing: select count(*) from oa_notify 
2018-03-11 18:18:44 -==> Parameters: 
2018-03-11 18:18:44 -<==      Total: 1
2018-03-11 18:18:44 -耗时 : 54
2018-03-11 18:18:44 -返回值 : com.bootdo.common.utils.PageUtils@4e2520c6
2018-03-11 18:18:44 -请求地址 : http://localhost/oa/notify/selfNotify
2018-03-11 18:18:44 -HTTP METHOD : GET
2018-03-11 18:18:44 -CLASS_METHOD : com.bootdo.oa.controller.NotifyController.selefNotify
2018-03-11 18:18:44 -参数 : []
2018-03-11 18:18:44 -耗时 : 1
2018-03-11 18:18:44 -返回值 : oa/notify/selfNotify
2018-03-11 18:18:44 -请求地址 : http://localhost/oa/notify/selfList
2018-03-11 18:18:44 -HTTP METHOD : GET
2018-03-11 18:18:44 -CLASS_METHOD : com.bootdo.oa.controller.NotifyController.selfList
2018-03-11 18:18:44 -参数 : [{limit=10, offset=0}]
2018-03-11 18:18:44 -==>  Preparing: select DISTINCT n.id ,`type`,`title`,`content`,`files`,r.is_read,`status`,`create_by`,`create_date`,`update_by`,`update_date`,`remarks`,`del_flag` from oa_notify_record r right JOIN oa_notify n on r.notify_id = n.id WHERE r.user_id = ? order by is_read ASC, update_date DESC limit ?, ? 
2018-03-11 18:18:44 -==> Parameters: 1(Long), 0(Integer), 10(Integer)
2018-03-11 18:18:44 -<==      Total: 5
2018-03-11 18:18:44 -==>  Preparing: select `user_id`,`username`,`name`,`password`,`dept_id`,`email`,`mobile`,`status`,`user_id_create`,`gmt_create`,`gmt_modified`,`sex`,`birth`,`pic_id`,`live_address`,`hobby`,`province`,`city`,`district` from sys_user where user_id = ? 
2018-03-11 18:18:44 -==> Parameters: 1(Long)
2018-03-11 18:18:44 -<==      Total: 1
2018-03-11 18:18:44 -==>  Preparing: select `user_id`,`username`,`name`,`password`,`dept_id`,`email`,`mobile`,`status`,`user_id_create`,`gmt_create`,`gmt_modified`,`sex`,`birth`,`pic_id`,`live_address`,`hobby`,`province`,`city`,`district` from sys_user where user_id = ? 
2018-03-11 18:18:44 -==> Parameters: 1(Long)
2018-03-11 18:18:44 -<==      Total: 1
2018-03-11 18:18:44 -==>  Preparing: select `user_id`,`username`,`name`,`password`,`dept_id`,`email`,`mobile`,`status`,`user_id_create`,`gmt_create`,`gmt_modified`,`sex`,`birth`,`pic_id`,`live_address`,`hobby`,`province`,`city`,`district` from sys_user where user_id = ? 
2018-03-11 18:18:44 -==> Parameters: 1(Long)
2018-03-11 18:18:44 -<==      Total: 1
2018-03-11 18:18:44 -==>  Preparing: select `user_id`,`username`,`name`,`password`,`dept_id`,`email`,`mobile`,`status`,`user_id_create`,`gmt_create`,`gmt_modified`,`sex`,`birth`,`pic_id`,`live_address`,`hobby`,`province`,`city`,`district` from sys_user where user_id = ? 
2018-03-11 18:18:44 -==> Parameters: 1(Long)
2018-03-11 18:18:44 -<==      Total: 1
2018-03-11 18:18:44 -==>  Preparing: select `user_id`,`username`,`name`,`password`,`dept_id`,`email`,`mobile`,`status`,`user_id_create`,`gmt_create`,`gmt_modified`,`sex`,`birth`,`pic_id`,`live_address`,`hobby`,`province`,`city`,`district` from sys_user where user_id = ? 
2018-03-11 18:18:44 -==> Parameters: 1(Long)
2018-03-11 18:18:44 -<==      Total: 1
2018-03-11 18:18:44 -==>  Preparing: select count(*) from oa_notify_record r right JOIN oa_notify n on r.notify_id = n.id where r.user_id =? and r.is_read = ? 
2018-03-11 18:18:44 -==> Parameters: 1(Long), null
2018-03-11 18:18:44 -<==      Total: 1
2018-03-11 18:18:44 -耗时 : 27
2018-03-11 18:18:44 -返回值 : com.bootdo.common.utils.PageUtils@1a6275
